[10:30:34] [Server thread/INFO]: Starting minecraft server version 1.10.2
[10:30:34] [Server thread/INFO]: Loading properties
[10:30:34] [Server thread/INFO]: Default game type: SURVIVAL
[10:30:34] [Server thread/INFO]: This server is running CraftBukkit version git-Spigot-570526c-75a8885 (MC: 1.10.2) (Implementing API version 1.10.2-R0.1-SNAPSHOT)
[10:30:34] [Server thread/INFO]: Unable to find file banned-players.json, creating it.
[10:30:34] [Server thread/INFO]: Unable to find file banned-ips.json, creating it.
[10:30:34] [Server thread/INFO]: Unable to find file ops.json, creating it.
[10:30:34] [Server thread/INFO]: Unable to find file whitelist.json, creating it.
[10:30:34] [Server thread/INFO]: Debug logging is disabled
[10:30:34] [Server thread/INFO]: Server Ping Player Sample Count: 12
[10:30:34] [Server thread/INFO]: Using 4 threads for Netty based IO
[10:30:34] [Server thread/INFO]: Generating keypair
[10:30:35] [Server thread/INFO]: Starting Minecraft server on *:25565
[10:30:35] [Server thread/INFO]: Using default channel type
[10:30:35] [Server thread/INFO]: **** Beginning UUID conversion, this may take A LONG time ****
[10:30:35] [Server thread/INFO]: Preparing level "world"
[10:30:35] [Server thread/INFO]: -------- World Settings For [world] --------
[10:30:35] [Server thread/INFO]: Nerfing mobs spawned from spawners: false
[10:30:35] [Server thread/INFO]: Experience Merge Radius: 3.0
[10:30:35] [Server thread/INFO]: Allow Zombie Pigmen to spawn from portal blocks: true
[10:30:35] [Server thread/INFO]: Arrow Despawn Rate: 1200
[10:30:35] [Server thread/INFO]: Item Merge Radius: 2.5
[10:30:35] [Server thread/INFO]: Item Despawn Rate: 6000
[10:30:35] [Server thread/INFO]: Zombie Aggressive Towards Villager: true
[10:30:35] [Server thread/INFO]: Max Entity Collisions: 8
[10:30:35] [Server thread/INFO]: Custom Map Seeds:  Village: 10387312 Feature: 14357617
[10:30:35] [Server thread/INFO]: Structure Info Saving: true
[10:30:35] [Server thread/INFO]: Tile Max Tick Time: 50ms Entity max Tick Time: 50ms
[10:30:35] [Server thread/INFO]: Random Lighting Updates: false
[10:30:35] [Server thread/INFO]: Max TNT Explosions: 100
[10:30:35] [Server thread/INFO]: Entity Tracking Range: Pl 48 / An 48 / Mo 48 / Mi 32 / Other 64
[10:30:35] [Server thread/INFO]: Entity Activation Range: An 32 / Mo 32 / Mi 16
[10:30:35] [Server thread/INFO]: Hopper Transfer: 8 Hopper Check: 8 Hopper Amount: 1
[10:30:35] [Server thread/INFO]: Mob Spawn Range: 4
[10:30:35] [Server thread/INFO]: Cactus Growth Modifier: 100%
[10:30:35] [Server thread/INFO]: Cane Growth Modifier: 100%
[10:30:35] [Server thread/INFO]: Melon Growth Modifier: 100%
[10:30:35] [Server thread/INFO]: Mushroom Growth Modifier: 100%
[10:30:35] [Server thread/INFO]: Pumpkin Growth Modifier: 100%
[10:30:35] [Server thread/INFO]: Sapling Growth Modifier: 100%
[10:30:35] [Server thread/INFO]: Wheat Growth Modifier: 100%
[10:30:35] [Server thread/INFO]: NetherWart Growth Modifier: 100%
[10:30:35] [Server thread/INFO]: Vine Growth Modifier: 100%
[10:30:35] [Server thread/INFO]: Cocoa Growth Modifier: 100%
[10:30:35] [Server thread/INFO]: View Distance: 10
[10:30:36] [Server thread/WARN]: Unable to find spawn biome
[10:30:38] [Server thread/INFO]: -------- World Settings For [world_nether] --------
[10:30:38] [Server thread/INFO]: Nerfing mobs spawned from spawners: false
[10:30:38] [Server thread/INFO]: Experience Merge Radius: 3.0
[10:30:38] [Server thread/INFO]: Allow Zombie Pigmen to spawn from portal blocks: true
[10:30:38] [Server thread/INFO]: Arrow Despawn Rate: 1200
[10:30:38] [Server thread/INFO]: Item Merge Radius: 2.5
[10:30:38] [Server thread/INFO]: Item Despawn Rate: 6000
[10:30:38] [Server thread/INFO]: Zombie Aggressive Towards Villager: true
[10:30:38] [Server thread/INFO]: Max Entity Collisions: 8
[10:30:38] [Server thread/INFO]: Custom Map Seeds:  Village: 10387312 Feature: 14357617
[10:30:38] [Server thread/INFO]: Structure Info Saving: true
[10:30:38] [Server thread/INFO]: Tile Max Tick Time: 50ms Entity max Tick Time: 50ms
[10:30:38] [Server thread/INFO]: Random Lighting Updates: false
[10:30:38] [Server thread/INFO]: Max TNT Explosions: 100
[10:30:38] [Server thread/INFO]: Entity Tracking Range: Pl 48 / An 48 / Mo 48 / Mi 32 / Other 64
[10:30:38] [Server thread/INFO]: Entity Activation Range: An 32 / Mo 32 / Mi 16
[10:30:38] [Server thread/INFO]: Hopper Transfer: 8 Hopper Check: 8 Hopper Amount: 1
[10:30:38] [Server thread/INFO]: Mob Spawn Range: 4
[10:30:38] [Server thread/INFO]: Cactus Growth Modifier: 100%
[10:30:38] [Server thread/INFO]: Cane Growth Modifier: 100%
[10:30:38] [Server thread/INFO]: Melon Growth Modifier: 100%
[10:30:38] [Server thread/INFO]: Mushroom Growth Modifier: 100%
[10:30:38] [Server thread/INFO]: Pumpkin Growth Modifier: 100%
[10:30:38] [Server thread/INFO]: Sapling Growth Modifier: 100%
[10:30:38] [Server thread/INFO]: Wheat Growth Modifier: 100%
[10:30:38] [Server thread/INFO]: NetherWart Growth Modifier: 100%
[10:30:38] [Server thread/INFO]: Vine Growth Modifier: 100%
[10:30:38] [Server thread/INFO]: Cocoa Growth Modifier: 100%
[10:30:38] [Server thread/INFO]: View Distance: 10
[10:30:38] [Server thread/INFO]: -------- World Settings For [world_the_end] --------
[10:30:38] [Server thread/INFO]: Nerfing mobs spawned from spawners: false
[10:30:38] [Server thread/INFO]: Experience Merge Radius: 3.0
[10:30:38] [Server thread/INFO]: Allow Zombie Pigmen to spawn from portal blocks: true
[10:30:38] [Server thread/INFO]: Arrow Despawn Rate: 1200
[10:30:38] [Server thread/INFO]: Item Merge Radius: 2.5
[10:30:38] [Server thread/INFO]: Item Despawn Rate: 6000
[10:30:38] [Server thread/INFO]: Zombie Aggressive Towards Villager: true
[10:30:38] [Server thread/INFO]: Max Entity Collisions: 8
[10:30:38] [Server thread/INFO]: Custom Map Seeds:  Village: 10387312 Feature: 14357617
[10:30:38] [Server thread/INFO]: Structure Info Saving: true
[10:30:38] [Server thread/INFO]: Tile Max Tick Time: 50ms Entity max Tick Time: 50ms
[10:30:38] [Server thread/INFO]: Random Lighting Updates: false
[10:30:38] [Server thread/INFO]: Max TNT Explosions: 100
[10:30:38] [Server thread/INFO]: Entity Tracking Range: Pl 48 / An 48 / Mo 48 / Mi 32 / Other 64
[10:30:38] [Server thread/INFO]: Entity Activation Range: An 32 / Mo 32 / Mi 16
[10:30:38] [Server thread/INFO]: Hopper Transfer: 8 Hopper Check: 8 Hopper Amount: 1
[10:30:38] [Server thread/INFO]: Mob Spawn Range: 4
[10:30:38] [Server thread/INFO]: Cactus Growth Modifier: 100%
[10:30:38] [Server thread/INFO]: Cane Growth Modifier: 100%
[10:30:38] [Server thread/INFO]: Melon Growth Modifier: 100%
[10:30:38] [Server thread/INFO]: Mushroom Growth Modifier: 100%
[10:30:38] [Server thread/INFO]: Pumpkin Growth Modifier: 100%
[10:30:38] [Server thread/INFO]: Sapling Growth Modifier: 100%
[10:30:38] [Server thread/INFO]: Wheat Growth Modifier: 100%
[10:30:38] [Server thread/INFO]: NetherWart Growth Modifier: 100%
[10:30:38] [Server thread/INFO]: Vine Growth Modifier: 100%
[10:30:38] [Server thread/INFO]: Cocoa Growth Modifier: 100%
[10:30:38] [Server thread/INFO]: View Distance: 10
[10:30:38] [Server thread/INFO]: Preparing start region for level 0 (Seed: 3699487539659906956)
[10:30:39] [Server thread/INFO]: Preparing spawn area: 8%
[10:30:40] [Server thread/INFO]: Preparing spawn area: 13%
[10:30:41] [Server thread/INFO]: Preparing spawn area: 19%
[10:30:42] [Server thread/INFO]: Preparing spawn area: 29%
[10:30:43] [Server thread/INFO]: Preparing spawn area: 41%
[10:30:44] [Server thread/INFO]: Preparing spawn area: 51%
[10:30:46] [Server thread/INFO]: Preparing spawn area: 61%
[10:30:47] [Server thread/INFO]: Preparing spawn area: 72%
[10:30:48] [Server thread/INFO]: Preparing spawn area: 88%
[10:30:49] [Server thread/INFO]: Preparing start region for level 1 (Seed: 3699487539659906956)
[10:30:50] [Server thread/INFO]: Preparing spawn area: 8%
[10:30:51] [Server thread/INFO]: Preparing spawn area: 22%
[10:30:52] [Server thread/INFO]: Preparing spawn area: 40%
[10:30:53] [Server thread/INFO]: Preparing spawn area: 51%
[10:30:54] [Server thread/INFO]: Preparing spawn area: 71%
[10:30:55] [Server thread/INFO]: Preparing spawn area: 81%
[10:30:56] [Server thread/INFO]: Preparing spawn area: 93%
[10:30:56] [Server thread/INFO]: Preparing start region for level 2 (Seed: 3699487539659906956)
[10:30:57] [Server thread/INFO]: Preparing spawn area: 45%
[10:30:58] [Server thread/INFO]: Preparing spawn area: 96%
[10:30:58] [Server thread/INFO]: Done (22,821s)! For help, type "help" or "?"
