#
# There is insufficient memory for the Java Runtime Environment to continue.
# Native memory allocation (malloc) failed to allocate 32744 bytes for ChunkPool::allocate
# Possible reasons:
#   The system is out of physical RAM or swap space
#   In 32 bit mode, the process size limit was hit
# Possible solutions:
#   Reduce memory load on the system
#   Increase physical memory or swap space
#   Check if swap backing store is full
#   Use 64 bit Java on a 64 bit OS
#   Decrease Java heap size (-Xmx/-Xms)
#   Decrease number of Java threads
#   Decrease Java thread stack sizes (-Xss)
#   Set larger code cache with -XX:ReservedCodeCacheSize=
# This output file may be truncated or incomplete.
#
#  Out of Memory Error (allocation.cpp:273), pid=9660, tid=0x00000000000019d4
#
# JRE version: Java(TM) SE Runtime Environment (8.0_121-b13) (build 1.8.0_121-b13)
# Java VM: Java HotSpot(TM) 64-Bit Server VM (25.121-b13 mixed mode windows-amd64 compressed oops)
# Failed to write core dump. Minidumps are not enabled by default on client versions of Windows
#

---------------  T H R E A D  ---------------

Current thread (0x0000000014cf9800):  JavaThread "C2 CompilerThread0" daemon [_thread_in_native, id=6612, stack(0x0000000016300000,0x0000000016400000)]

Stack: [0x0000000016300000,0x0000000016400000]
[error occurred during error reporting (printing stack bounds), id 0xc0000005]

Native frames: (J=compiled Java code, j=interpreted, Vv=VM code, C=native code)


Current CompileTask:
C2: 399042 3364       4       codecrafter47.bungeetablistplus.tablisthandler.logic.AbstractTabListLogic::setSlot (993 bytes)


---------------  P R O C E S S  ---------------

Java Threads: ( => current thread )
  0x0000000019888800 JavaThread "Java2D Disposer" daemon [_thread_blocked, id=9848, stack(0x000000001cc30000,0x000000001cd30000)]
  0x000000001988b000 JavaThread "BungeeTabListPlus Pool Thread #15" [_thread_blocked, id=10544, stack(0x000000001be30000,0x000000001bf30000)]
  0x0000000019887000 JavaThread "BungeeTabListPlus Pool Thread #14" [_thread_blocked, id=884, stack(0x000000001bd30000,0x000000001be30000)]
  0x00000000176cd800 JavaThread "threadDeathWatcher-2-1" daemon [_thread_blocked, id=9316, stack(0x000000001ab10000,0x000000001ac10000)]
  0x00000000176cc000 JavaThread "Netty IO Thread #1" [_thread_in_native, id=7440, stack(0x000000001aa10000,0x000000001ab10000)]
  0x00000000176d1000 JavaThread "Netty IO Thread #0" [_thread_in_native, id=4308, stack(0x000000001a610000,0x000000001a710000)]
  0x00000000176ca000 JavaThread "BungeeTabListPlus Pool Thread #13" [_thread_blocked, id=9460, stack(0x000000001a510000,0x000000001a610000)]
  0x00000000176cf800 JavaThread "BungeeTabListPlus Pool Thread #12" [_thread_blocked, id=3516, stack(0x000000001a410000,0x000000001a510000)]
  0x00000000176ce800 JavaThread "BungeeTabListPlus Pool Thread #11" [_thread_blocked, id=1680, stack(0x000000001a310000,0x000000001a410000)]
  0x00000000176cb800 JavaThread "BungeeTabListPlus Pool Thread #10" [_thread_blocked, id=3144, stack(0x0000000019040000,0x0000000019140000)]
  0x00000000176d0000 JavaThread "BungeeTabListPlus Pool Thread #9" [_thread_blocked, id=5048, stack(0x0000000018f40000,0x0000000019040000)]
  0x00000000176ca800 JavaThread "BungeeTabListPlus Pool Thread #8" [_thread_blocked, id=6412, stack(0x0000000018d40000,0x0000000018e40000)]
  0x00000000176cd000 JavaThread "BungeeTabListPlus Pool Thread #7" [_thread_blocked, id=4580, stack(0x0000000018c40000,0x0000000018d40000)]
  0x00000000176c3000 JavaThread "BungeeTabListPlus Pool Thread #6" [_thread_blocked, id=6588, stack(0x0000000018b40000,0x0000000018c40000)]
  0x00000000176c0800 JavaThread "BungeeTabListPlus Pool Thread #5" [_thread_blocked, id=7372, stack(0x0000000018a40000,0x0000000018b40000)]
  0x00000000176b6800 JavaThread "BungeeTabListPlus Pool Thread #4" [_thread_blocked, id=11132, stack(0x0000000018940000,0x0000000018a40000)]
  0x0000000017679800 JavaThread "BungeeTabListPlus Pool Thread #3" [_thread_blocked, id=2080, stack(0x0000000018840000,0x0000000018940000)]
  0x0000000017679000 JavaThread "BungeeTabListPlus Pool Thread #2" [_thread_blocked, id=4928, stack(0x0000000018740000,0x0000000018840000)]
  0x00000000176b7000 JavaThread "BungeeTabListPlus Pool Thread #1" [_thread_blocked, id=10096, stack(0x0000000018640000,0x0000000018740000)]
  0x0000000017673800 JavaThread "BungeeTabListPlus Pool Thread #0" [_thread_blocked, id=9552, stack(0x0000000018540000,0x0000000018640000)]
  0x0000000017226000 JavaThread "BungeeCord Logger Thread" [_thread_blocked, id=4348, stack(0x0000000017e40000,0x0000000017f40000)]
  0x00000000171a7800 JavaThread "NonBlockingInputStreamThread" daemon [_thread_blocked, id=352, stack(0x0000000017d40000,0x0000000017e40000)]
  0x0000000016861800 JavaThread "Metrics Thread" [_thread_blocked, id=9120, stack(0x0000000017040000,0x0000000017140000)]
  0x00000000168c1000 JavaThread "Reconnect Saver" [_thread_blocked, id=3976, stack(0x0000000016f40000,0x0000000017040000)]
  0x0000000014d0e800 JavaThread "Service Thread" daemon [_thread_blocked, id=6480, stack(0x0000000016a00000,0x0000000016b00000)]
  0x0000000014d04000 JavaThread "C1 CompilerThread2" daemon [_thread_blocked, id=7164, stack(0x0000000016500000,0x0000000016600000)]
  0x0000000014cfc800 JavaThread "C2 CompilerThread1" daemon [_thread_blocked, id=7188, stack(0x0000000016400000,0x0000000016500000)]
=>0x0000000014cf9800 JavaThread "C2 CompilerThread0" daemon [_thread_in_native, id=6612, stack(0x0000000016300000,0x0000000016400000)]
  0x0000000014cf7000 JavaThread "Attach Listener" daemon [_thread_blocked, id=10168, stack(0x0000000016200000,0x0000000016300000)]
  0x0000000014cf6800 JavaThread "Signal Dispatcher" daemon [_thread_blocked, id=8708, stack(0x0000000016100000,0x0000000016200000)]
  0x0000000014c9a000 JavaThread "Finalizer" daemon [_thread_blocked, id=3968, stack(0x0000000015f10000,0x0000000016010000)]
  0x00000000026af000 JavaThread "Reference Handler" daemon [_thread_blocked, id=4920, stack(0x0000000015e10000,0x0000000015f10000)]
  0x00000000025c0800 JavaThread "main" [_thread_in_native, id=2184, stack(0x00000000024c0000,0x00000000025c0000)]

Other Threads:
  0x0000000014c77000 VMThread [stack: 0x0000000015d10000,0x0000000015e10000] [id=1448]
  0x00000000166ac800 WatcherThread [stack: 0x0000000016b00000,0x0000000016c00000] [id=1784]

VM state:not at safepoint (normal execution)

VM Mutex/Monitor currently owned by a thread: None

Heap:
 PSYoungGen      total 82944K, used 56022K [0x00000000eb300000, 0x00000000f4c80000, 0x0000000100000000)
  eden space 65536K, 84% used [0x00000000eb300000,0x00000000ee95daf8,0x00000000ef300000)
  from space 17408K, 2% used [0x00000000ef300000,0x00000000ef358000,0x00000000f0400000)
  to   space 17408K, 0% used [0x00000000f3b80000,0x00000000f3b80000,0x00000000f4c80000)
 ParOldGen       total 56832K, used 23965K [0x00000000c1800000, 0x00000000c4f80000, 0x00000000eb300000)
  object space 56832K, 42% used [0x00000000c1800000,0x00000000c2f675d8,0x00000000c4f80000)
 Metaspace       used 22311K, capacity 23026K, committed 23168K, reserved 1069056K
  class space    used 2725K, capacity 2915K, committed 2944K, reserved 1048576K

Card table byte_map: [0x0000000011a80000,0x0000000011c80000] byte_map_base: 0x0000000011474000

Marking Bits: (ParMarkBitMap*) 0x0000000055f6b6d0
 Begin Bits: [0x00000000121d0000, 0x0000000013170000)
 End Bits:   [0x0000000013170000, 0x0000000014110000)

Polling page: 0x0000000000ac0000

CodeCache: size=245760Kb used=8894Kb max_used=8913Kb free=236865Kb
 bounds [0x00000000026c0000, 0x0000000002f90000, 0x00000000116c0000]
 total_blobs=3342 nmethods=2896 adapters=358
 compilation: enabled

Compilation events (10 events):
Event: 392.865 Thread 0x0000000014d04000 nmethod 3359 0x0000000002da3850 code [0x0000000002da39a0, 0x0000000002da3a90]
Event: 392.865 Thread 0x0000000014d04000 3360       1       io.netty.util.Recycler$WeakOrderQueue$Link::access$1300 (5 bytes)
Event: 392.865 Thread 0x0000000014d04000 nmethod 3360 0x0000000002da34d0 code [0x0000000002da3620, 0x0000000002da3710]
Event: 392.865 Thread 0x0000000014d04000 3361       1       io.netty.util.Recycler$Stack::access$600 (5 bytes)
Event: 392.866 Thread 0x0000000014d04000 nmethod 3361 0x0000000002f6abd0 code [0x0000000002f6ad20, 0x0000000002f6ae10]
Event: 392.866 Thread 0x0000000014d04000 3362       1       io.netty.util.Recycler$Stack::access$700 (5 bytes)
Event: 392.866 Thread 0x0000000014d04000 nmethod 3362 0x0000000002f6a850 code [0x0000000002f6a9a0, 0x0000000002f6aa90]
Event: 394.522 Thread 0x0000000014cfc800 3363       4       codecrafter47.bungeetablistplus.tablist.DefaultCustomTablist$$Lambda$118/917994236::run (28 bytes)
Event: 394.531 Thread 0x0000000014cfc800 nmethod 3363 0x0000000002c59b90 code [0x0000000002c59d00, 0x0000000002c5a078]
Event: 398.929 Thread 0x0000000014cf9800 3364       4       codecrafter47.bungeetablistplus.tablisthandler.logic.AbstractTabListLogic::setSlot (993 bytes)

GC Heap History (10 events):
Event: 1.765 GC heap before
{Heap before GC invocations=4 (full 0):
 PSYoungGen      total 18944K, used 18912K [0x00000000eb300000, 0x00000000ed800000, 0x0000000100000000)
  eden space 16384K, 100% used [0x00000000eb300000,0x00000000ec300000,0x00000000ec300000)
  from space 2560K, 98% used [0x00000000ec300000,0x00000000ec578040,0x00000000ec580000)
  to   space 2560K, 0% used [0x00000000ed580000,0x00000000ed580000,0x00000000ed800000)
 ParOldGen       total 44032K, used 4941K [0x00000000c1800000, 0x00000000c4300000, 0x00000000eb300000)
  object space 44032K, 11% used [0x00000000c1800000,0x00000000c1cd3508,0x00000000c4300000)
 Metaspace       used 16483K, capacity 16956K, committed 17152K, reserved 1064960K
  class space    used 2071K, capacity 2180K, committed 2304K, reserved 1048576K
Event: 1.771 GC heap after
Heap after GC invocations=4 (full 0):
 PSYoungGen      total 35328K, used 2528K [0x00000000eb300000, 0x00000000ed800000, 0x0000000100000000)
  eden space 32768K, 0% used [0x00000000eb300000,0x00000000eb300000,0x00000000ed300000)
  from space 2560K, 98% used [0x00000000ed580000,0x00000000ed7f8020,0x00000000ed800000)
  to   space 2560K, 0% used [0x00000000ed300000,0x00000000ed300000,0x00000000ed580000)
 ParOldGen       total 44032K, used 5810K [0x00000000c1800000, 0x00000000c4300000, 0x00000000eb300000)
  object space 44032K, 13% used [0x00000000c1800000,0x00000000c1dacb90,0x00000000c4300000)
 Metaspace       used 16483K, capacity 16956K, committed 17152K, reserved 1064960K
  class space    used 2071K, capacity 2180K, committed 2304K, reserved 1048576K
}
Event: 68.416 GC heap before
{Heap before GC invocations=5 (full 0):
 PSYoungGen      total 35328K, used 35296K [0x00000000eb300000, 0x00000000ed800000, 0x0000000100000000)
  eden space 32768K, 100% used [0x00000000eb300000,0x00000000ed300000,0x00000000ed300000)
  from space 2560K, 98% used [0x00000000ed580000,0x00000000ed7f8020,0x00000000ed800000)
  to   space 2560K, 0% used [0x00000000ed300000,0x00000000ed300000,0x00000000ed580000)
 ParOldGen       total 44032K, used 5810K [0x00000000c1800000, 0x00000000c4300000, 0x00000000eb300000)
  object space 44032K, 13% used [0x00000000c1800000,0x00000000c1dacb90,0x00000000c4300000)
 Metaspace       used 20115K, capacity 20656K, committed 20992K, reserved 1067008K
  class space    used 2529K, capacity 2704K, committed 2816K, reserved 1048576K
Event: 68.494 GC heap after
Heap after GC invocations=5 (full 0):
 PSYoungGen      total 35328K, used 2528K [0x00000000eb300000, 0x00000000f1600000, 0x0000000100000000)
  eden space 32768K, 0% used [0x00000000eb300000,0x00000000eb300000,0x00000000ed300000)
  from space 2560K, 98% used [0x00000000ed300000,0x00000000ed578020,0x00000000ed580000)
  to   space 17920K, 0% used [0x00000000f0480000,0x00000000f0480000,0x00000000f1600000)
 ParOldGen       total 44032K, used 26110K [0x00000000c1800000, 0x00000000c4300000, 0x00000000eb300000)
  object space 44032K, 59% used [0x00000000c1800000,0x00000000c317fad0,0x00000000c4300000)
 Metaspace       used 20115K, capacity 20656K, committed 20992K, reserved 1067008K
  class space    used 2529K, capacity 2704K, committed 2816K, reserved 1048576K
}
Event: 69.255 GC heap before
{Heap before GC invocations=6 (full 0):
 PSYoungGen      total 35328K, used 6104K [0x00000000eb300000, 0x00000000f1600000, 0x0000000100000000)
  eden space 32768K, 10% used [0x00000000eb300000,0x00000000eb67e370,0x00000000ed300000)
  from space 2560K, 98% used [0x00000000ed300000,0x00000000ed578020,0x00000000ed580000)
  to   space 17920K, 0% used [0x00000000f0480000,0x00000000f0480000,0x00000000f1600000)
 ParOldGen       total 44032K, used 26110K [0x00000000c1800000, 0x00000000c4300000, 0x00000000eb300000)
  object space 44032K, 59% used [0x00000000c1800000,0x00000000c317fad0,0x00000000c4300000)
 Metaspace       used 20564K, capacity 21114K, committed 21248K, reserved 1067008K
  class space    used 2592K, capacity 2745K, committed 2816K, reserved 1048576K
Event: 69.262 GC heap after
Heap after GC invocations=6 (full 0):
 PSYoungGen      total 82432K, used 2852K [0x00000000eb300000, 0x00000000f1500000, 0x0000000100000000)
  eden space 65536K, 0% used [0x00000000eb300000,0x00000000eb300000,0x00000000ef300000)
  from space 16896K, 16% used [0x00000000f0480000,0x00000000f0749028,0x00000000f1500000)
  to   space 17408K, 0% used [0x00000000ef300000,0x00000000ef300000,0x00000000f0400000)
 ParOldGen       total 44032K, used 26110K [0x00000000c1800000, 0x00000000c4300000, 0x00000000eb300000)
  object space 44032K, 59% used [0x00000000c1800000,0x00000000c317fad0,0x00000000c4300000)
 Metaspace       used 20564K, capacity 21114K, committed 21248K, reserved 1067008K
  class space    used 2592K, capacity 2745K, committed 2816K, reserved 1048576K
}
Event: 69.262 GC heap before
{Heap before GC invocations=7 (full 1):
 PSYoungGen      total 82432K, used 2852K [0x00000000eb300000, 0x00000000f1500000, 0x0000000100000000)
  eden space 65536K, 0% used [0x00000000eb300000,0x00000000eb300000,0x00000000ef300000)
  from space 16896K, 16% used [0x00000000f0480000,0x00000000f0749028,0x00000000f1500000)
  to   space 17408K, 0% used [0x00000000ef300000,0x00000000ef300000,0x00000000f0400000)
 ParOldGen       total 44032K, used 26110K [0x00000000c1800000, 0x00000000c4300000, 0x00000000eb300000)
  object space 44032K, 59% used [0x00000000c1800000,0x00000000c317fad0,0x00000000c4300000)
 Metaspace       used 20564K, capacity 21114K, committed 21248K, reserved 1067008K
  class space    used 2592K, capacity 2745K, committed 2816K, reserved 1048576K
Event: 69.359 GC heap after
Heap after GC invocations=7 (full 1):
 PSYoungGen      total 82432K, used 0K [0x00000000eb300000, 0x00000000f1500000, 0x0000000100000000)
  eden space 65536K, 0% used [0x00000000eb300000,0x00000000eb300000,0x00000000ef300000)
  from space 16896K, 0% used [0x00000000f0480000,0x00000000f0480000,0x00000000f1500000)
  to   space 17408K, 0% used [0x00000000ef300000,0x00000000ef300000,0x00000000f0400000)
 ParOldGen       total 56832K, used 23957K [0x00000000c1800000, 0x00000000c4f80000, 0x00000000eb300000)
  object space 56832K, 42% used [0x00000000c1800000,0x00000000c2f655d8,0x00000000c4f80000)
 Metaspace       used 20564K, capacity 21114K, committed 21248K, reserved 1067008K
  class space    used 2592K, capacity 2745K, committed 2816K, reserved 1048576K
}
Event: 274.079 GC heap before
{Heap before GC invocations=8 (full 1):
 PSYoungGen      total 82432K, used 65536K [0x00000000eb300000, 0x00000000f1500000, 0x0000000100000000)
  eden space 65536K, 100% used [0x00000000eb300000,0x00000000ef300000,0x00000000ef300000)
  from space 16896K, 0% used [0x00000000f0480000,0x00000000f0480000,0x00000000f1500000)
  to   space 17408K, 0% used [0x00000000ef300000,0x00000000ef300000,0x00000000f0400000)
 ParOldGen       total 56832K, used 23957K [0x00000000c1800000, 0x00000000c4f80000, 0x00000000eb300000)
  object space 56832K, 42% used [0x00000000c1800000,0x00000000c2f655d8,0x00000000c4f80000)
 Metaspace       used 22086K, capacity 22746K, committed 22912K, reserved 1069056K
  class space    used 2714K, capacity 2879K, committed 2944K, reserved 1048576K
Event: 274.094 GC heap after
Heap after GC invocations=8 (full 1):
 PSYoungGen      total 82944K, used 352K [0x00000000eb300000, 0x00000000f4c80000, 0x0000000100000000)
  eden space 65536K, 0% used [0x00000000eb300000,0x00000000eb300000,0x00000000ef300000)
  from space 17408K, 2% used [0x00000000ef300000,0x00000000ef358000,0x00000000f0400000)
  to   space 17408K, 0% used [0x00000000f3b80000,0x00000000f3b80000,0x00000000f4c80000)
 ParOldGen       total 56832K, used 23965K [0x00000000c1800000, 0x00000000c4f80000, 0x00000000eb300000)
  object space 56832K, 42% used [0x00000000c1800000,0x00000000c2f675d8,0x00000000c4f80000)
 Metaspace       used 22086K, capacity 22746K, committed 22912K, reserved 1069056K
  class space    used 2714K, capacity 2879K, committed 2944K, reserved 1048576K
}

Deoptimization events (10 events):
Event: 320.323 Thread 0x00000000176cc000 Uncommon trap: reason=unstable_if action=reinterpret pc=0x000000000287b190 method=codecrafter47.bungeetablistplus.api.bungee.Icon.equals(Ljava/lang/Object;)Z @ 60
Event: 320.361 Thread 0x00000000176cc000 Uncommon trap: reason=unstable_if action=reinterpret pc=0x0000000002eb6ff0 method=io.netty.channel.ChannelOutboundBuffer.incrementPendingOutboundBytes(JZ)V @ 35
Event: 320.768 Thread 0x00000000176cc000 Uncommon trap: reason=unstable_if action=reinterpret pc=0x0000000002ea7a8c method=io.netty.channel.ChannelOutboundBuffer.decrementPendingOutboundBytes(JZZ)V @ 41
Event: 320.768 Thread 0x00000000176cc000 Uncommon trap: reason=unstable_if action=reinterpret pc=0x0000000002e13eb4 method=io.netty.buffer.PoolThreadCache$MemoryRegionCache.add(Lio/netty/buffer/PoolChunk;J)Z @ 22
Event: 321.008 Thread 0x00000000176cc000 Uncommon trap: reason=unstable_if action=reinterpret pc=0x0000000002a26ee0 method=io.netty.handler.timeout.IdleStateHandler.channelReadComplete(Lio/netty/channel/ChannelHandlerContext;)V @ 22
Event: 346.806 Thread 0x00000000176cc000 Uncommon trap: reason=unstable_if action=reinterpret pc=0x0000000002a14494 method=io.netty.channel.DefaultSelectStrategy.calculateStrategy(Lio/netty/util/IntSupplier;Z)I @ 1
Event: 391.967 Thread 0x00000000176ce800 Uncommon trap: reason=class_check action=maybe_recompile pc=0x0000000002c69ebc method=java.util.stream.AbstractPipeline.wrapAndCopyInto(Ljava/util/stream/Sink;Ljava/util/Spliterator;)Ljava/util/stream/Sink; @ 6
Event: 391.968 Thread 0x00000000176ce800 Uncommon trap: reason=class_check action=maybe_recompile pc=0x0000000002c69ebc method=java.util.stream.AbstractPipeline.wrapAndCopyInto(Ljava/util/stream/Sink;Ljava/util/Spliterator;)Ljava/util/stream/Sink; @ 6
Event: 391.968 Thread 0x00000000176ce800 Uncommon trap: reason=class_check action=maybe_recompile pc=0x0000000002c69ebc method=java.util.stream.AbstractPipeline.wrapAndCopyInto(Ljava/util/stream/Sink;Ljava/util/Spliterator;)Ljava/util/stream/Sink; @ 6
Event: 391.968 Thread 0x00000000176ce800 Uncommon trap: reason=class_check action=maybe_recompile pc=0x0000000002c69ebc method=java.util.stream.AbstractPipeline.wrapAndCopyInto(Ljava/util/stream/Sink;Ljava/util/Spliterator;)Ljava/util/stream/Sink; @ 6

Internal exceptions (10 events):
Event: 1.638 Thread 0x00000000025c0800 Exception <a 'java/lang/ClassNotFoundException': codecrafter47/bungeetablistplus/config/components/PlayersByServerComponentCustomizer> (0x00000000ebc2e8c8) thrown at [C:\re\workspace\8-2-build-windows-amd64-cygwin\jdk8u121\8372\hotspot\src\share\vm\classf
Event: 1.662 Thread 0x00000000025c0800 Exception <a 'java/lang/ClassNotFoundException': codecrafter47/bungeetablistplus/config/components/SpacerComponentBeanInfo> (0x00000000ebed8558) thrown at [C:\re\workspace\8-2-build-windows-amd64-cygwin\jdk8u121\8372\hotspot\src\share\vm\classfile\systemD
Event: 1.662 Thread 0x00000000025c0800 Exception <a 'java/lang/ClassNotFoundException': codecrafter47/bungeetablistplus/config/components/SpacerComponentCustomizer> (0x00000000ebef60a0) thrown at [C:\re\workspace\8-2-build-windows-amd64-cygwin\jdk8u121\8372\hotspot\src\share\vm\classfile\syste
Event: 1.665 Thread 0x00000000025c0800 Exception <a 'java/lang/ClassNotFoundException': codecrafter47/bungeetablistplus/config/components/AnimatedComponentBeanInfo> (0x00000000ebf40b20) thrown at [C:\re\workspace\8-2-build-windows-amd64-cygwin\jdk8u121\8372\hotspot\src\share\vm\classfile\syste
Event: 1.665 Thread 0x00000000025c0800 Exception <a 'java/lang/ClassNotFoundException': codecrafter47/bungeetablistplus/config/components/AnimatedComponentCustomizer> (0x00000000ebf5e7f8) thrown at [C:\re\workspace\8-2-build-windows-amd64-cygwin\jdk8u121\8372\hotspot\src\share\vm\classfile\sys
Event: 69.693 Thread 0x000000001988b800 Exception <a 'java/io/FileNotFoundException'> (0x00000000eb304338) thrown at [C:\re\workspace\8-2-build-windows-amd64-cygwin\jdk8u121\8372\hotspot\src\share\vm\prims\jni.cpp, line 709]
Event: 71.962 Thread 0x00000000176b6800 Implicit null exception at 0x0000000002ccf59e to 0x0000000002ccf609
Event: 316.758 Thread 0x00000000176cc000 Implicit null exception at 0x0000000002ecaff5 to 0x0000000002ecbafd
Event: 318.507 Thread 0x00000000176cc000 Implicit null exception at 0x00000000027f9068 to 0x00000000027f9151
Event: 318.507 Thread 0x00000000176cc000 Implicit null exception at 0x00000000028c5b90 to 0x00000000028c5c21

Events (10 events):
Event: 391.967 Thread 0x00000000176ce800 DEOPT UNPACKING pc=0x000000000270582a sp=0x000000001a40eec0 mode 2
Event: 391.968 Thread 0x00000000176ce800 Uncommon trap: trap_request=0xffffffde fr.pc=0x0000000002c69ebc
Event: 391.968 Thread 0x00000000176ce800 DEOPT PACKING pc=0x0000000002c69ebc sp=0x000000001a40ef20
Event: 391.968 Thread 0x00000000176ce800 DEOPT UNPACKING pc=0x000000000270582a sp=0x000000001a40eec0 mode 2
Event: 391.968 Thread 0x00000000176ce800 Uncommon trap: trap_request=0xffffffde fr.pc=0x0000000002c69ebc
Event: 391.968 Thread 0x00000000176ce800 DEOPT PACKING pc=0x0000000002c69ebc sp=0x000000001a40ef20
Event: 391.968 Thread 0x00000000176ce800 DEOPT UNPACKING pc=0x000000000270582a sp=0x000000001a40eec0 mode 2
Event: 391.968 Thread 0x00000000176ce800 Uncommon trap: trap_request=0xffffffde fr.pc=0x0000000002c69ebc
Event: 391.968 Thread 0x00000000176ce800 DEOPT PACKING pc=0x0000000002c69ebc sp=0x000000001a40eea0
Event: 391.968 Thread 0x00000000176ce800 DEOPT UNPACKING pc=0x000000000270582a sp=0x000000001a40ee40 mode 2


Dynamic libraries:
0x00007ff7ceea0000 - 0x00007ff7ceed7000 	C:\ProgramData\Oracle\Java\javapath\java.exe
0x00007ffe5d690000 - 0x00007ffe5d861000 	C:\WINDOWS\SYSTEM32\ntdll.dll
0x00007ffe5b730000 - 0x00007ffe5b7db000 	C:\WINDOWS\System32\KERNEL32.DLL
0x00007ffe5a750000 - 0x00007ffe5a96d000 	C:\WINDOWS\System32\KERNELBASE.dll
0x00007ffe5d5d0000 - 0x00007ffe5d672000 	C:\WINDOWS\System32\ADVAPI32.dll
0x00007ffe5aec0000 - 0x00007ffe5af5e000 	C:\WINDOWS\System32\msvcrt.dll
0x00007ffe5ac20000 - 0x00007ffe5ac79000 	C:\WINDOWS\System32\sechost.dll
0x00007ffe5bcb0000 - 0x00007ffe5bdd1000 	C:\WINDOWS\System32\RPCRT4.dll
0x00007ffe5bea0000 - 0x00007ffe5c005000 	C:\WINDOWS\System32\USER32.dll
0x00007ffe5a260000 - 0x00007ffe5a27e000 	C:\WINDOWS\System32\win32u.dll
0x00007ffe5d590000 - 0x00007ffe5d5c4000 	C:\WINDOWS\System32\GDI32.dll
0x00007ffe5a9e0000 - 0x00007ffe5ab62000 	C:\WINDOWS\System32\gdi32full.dll
0x00007ffe56050000 - 0x00007ffe562c9000 	C:\WINDOWS\WinSxS\amd64_microsoft.windows.common-controls_6595b64144ccf1df_6.0.14393.447_none_42191651c6827bb3\COMCTL32.dll
0x00007ffe5b400000 - 0x00007ffe5b6c8000 	C:\WINDOWS\System32\combase.dll
0x00007ffe5a320000 - 0x00007ffe5a415000 	C:\WINDOWS\System32\ucrtbase.dll
0x00007ffe5a970000 - 0x00007ffe5a9da000 	C:\WINDOWS\System32\bcryptPrimitives.dll
0x00007ffe5ae90000 - 0x00007ffe5aebe000 	C:\WINDOWS\System32\IMM32.DLL
0x00000000564f0000 - 0x00000000565c2000 	C:\Program Files\Java\jre1.8.0_121\bin\msvcr100.dll
0x0000000055750000 - 0x0000000055feb000 	C:\Program Files\Java\jre1.8.0_121\bin\server\jvm.dll
0x00007ffe5b940000 - 0x00007ffe5b948000 	C:\WINDOWS\System32\PSAPI.DLL
0x00007ffe56ef0000 - 0x00007ffe56ef9000 	C:\WINDOWS\SYSTEM32\WSOCK32.dll
0x00007ffe57990000 - 0x00007ffe579b3000 	C:\WINDOWS\SYSTEM32\WINMM.dll
0x00007ffe562d0000 - 0x00007ffe562da000 	C:\WINDOWS\SYSTEM32\VERSION.dll
0x00007ffe5d520000 - 0x00007ffe5d58a000 	C:\WINDOWS\System32\WS2_32.dll
0x00007ffe57960000 - 0x00007ffe5798b000 	C:\WINDOWS\SYSTEM32\WINMMBASE.dll
0x00007ffe5a420000 - 0x00007ffe5a462000 	C:\WINDOWS\System32\cfgmgr32.dll
0x00000000564e0000 - 0x00000000564ef000 	C:\Program Files\Java\jre1.8.0_121\bin\verify.dll
0x00000000564b0000 - 0x00000000564d9000 	C:\Program Files\Java\jre1.8.0_121\bin\java.dll
0x0000000056490000 - 0x00000000564a6000 	C:\Program Files\Java\jre1.8.0_121\bin\zip.dll
0x00007ffe5c010000 - 0x00007ffe5d519000 	C:\WINDOWS\System32\SHELL32.dll
0x00007ffe59b80000 - 0x00007ffe5a25a000 	C:\WINDOWS\System32\windows.storage.dll
0x00007ffe59b10000 - 0x00007ffe59b5c000 	C:\WINDOWS\System32\powrprof.dll
0x00007ffe5be40000 - 0x00007ffe5be92000 	C:\WINDOWS\System32\shlwapi.dll
0x00007ffe59b60000 - 0x00007ffe59b6f000 	C:\WINDOWS\System32\kernel.appcore.dll
0x00007ffe5a640000 - 0x00007ffe5a6e9000 	C:\WINDOWS\System32\shcore.dll
0x00007ffe59af0000 - 0x00007ffe59b04000 	C:\WINDOWS\System32\profapi.dll
0x00007ffe59570000 - 0x00007ffe59587000 	C:\WINDOWS\SYSTEM32\CRYPTSP.dll
0x00007ffe58fd0000 - 0x00007ffe59003000 	C:\WINDOWS\system32\rsaenh.dll
0x00007ffe59a30000 - 0x00007ffe59a5b000 	C:\WINDOWS\SYSTEM32\bcrypt.dll
0x00007ffe59250000 - 0x00007ffe5926f000 	C:\WINDOWS\SYSTEM32\USERENV.dll
0x00007ffe59560000 - 0x00007ffe5956b000 	C:\WINDOWS\SYSTEM32\CRYPTBASE.dll
0x0000000056470000 - 0x000000005648a000 	C:\Program Files\Java\jre1.8.0_121\bin\net.dll
0x00007ffe593c0000 - 0x00007ffe5941c000 	C:\WINDOWS\system32\mswsock.dll
0x00007ffe59150000 - 0x00007ffe59188000 	C:\WINDOWS\SYSTEM32\IPHLPAPI.DLL
0x00007ffe5d680000 - 0x00007ffe5d688000 	C:\WINDOWS\System32\NSI.dll
0x00007ffe521b0000 - 0x00007ffe521c6000 	C:\WINDOWS\SYSTEM32\dhcpcsvc6.DLL
0x00007ffe52190000 - 0x00007ffe521aa000 	C:\WINDOWS\SYSTEM32\dhcpcsvc.DLL
0x0000000056450000 - 0x0000000056461000 	C:\Program Files\Java\jre1.8.0_121\bin\nio.dll
0x00007ffe56b80000 - 0x00007ffe56b8a000 	C:\Users\Windows 10 Gamer\AppData\Local\Temp\jansi-64-BungeeCord-6703741172697237540.dll
0x00007ffe591a0000 - 0x00007ffe59240000 	C:\WINDOWS\SYSTEM32\DNSAPI.dll
0x00007ffe4ff50000 - 0x00007ffe4ff5a000 	C:\Windows\System32\rasadhlp.dll
0x00007ffe525d0000 - 0x00007ffe5263a000 	C:\WINDOWS\System32\fwpuclnt.dll
0x0000000056440000 - 0x000000005644d000 	C:\Program Files\Java\jre1.8.0_121\bin\management.dll
0x00007ffe57a90000 - 0x00007ffe57aa6000 	C:\WINDOWS\system32\napinsp.dll
0x00007ffe57a40000 - 0x00007ffe57a5a000 	C:\WINDOWS\system32\pnrpnsp.dll
0x00007ffe57fc0000 - 0x00007ffe57fd8000 	C:\WINDOWS\system32\NLAapi.dll
0x00007ffe57a00000 - 0x00007ffe57a0e000 	C:\WINDOWS\System32\winrnr.dll
0x00007ffe55590000 - 0x00007ffe555a5000 	C:\WINDOWS\System32\wshbth.dll
0x0000000056260000 - 0x00000000563f8000 	C:\Program Files\Java\jre1.8.0_121\bin\awt.dll
0x00007ffe5ac80000 - 0x00007ffe5ad3f000 	C:\WINDOWS\System32\OLEAUT32.dll
0x00007ffe5a280000 - 0x00007ffe5a31c000 	C:\WINDOWS\System32\msvcp_win.dll
0x00007ffe57f40000 - 0x00007ffe57fba000 	C:\WINDOWS\SYSTEM32\apphelp.dll

VM Arguments:
java_command: BungeeCord.jar
java_class_path (initial): BungeeCord.jar
Launcher Type: SUN_STANDARD

Environment Variables:
PATH=C:\ProgramData\Oracle\Java\javapath;C:\WINDOWS\system32;C:\WINDOWS;C:\WINDOWS\System32\Wbem;C:\WINDOWS\System32\WindowsPowerShell\v1.0\;C:\Users\Windows 10 Gamer\AppData\Local\Microsoft\WindowsApps;
USERNAME=Ð? Th?
OS=Windows_NT
PROCESSOR_IDENTIFIER=Intel64 Family 6 Model 61 Stepping 4, GenuineIntel



---------------  S Y S T E M  ---------------

OS: Windows 10.0 , 64 bit Build 14393 (10.0.14393.0)

CPU:total 4 (2 cores per cpu, 2 threads per core) family 6 model 61 stepping 4, cmov, cx8, fxsr, mmx, sse, sse2, sse3, ssse3, sse4.1, sse4.2, popcnt, avx, avx2, aes, clmul, erms, 3dnowpref, lzcnt, ht, tsc, tscinvbit, bmi1, bmi2, adx

Memory: 4k page, physical 4091676k(243376k free), swap 8187676k(0k free)

vm_info: Java HotSpot(TM) 64-Bit Server VM (25.121-b13) for windows-amd64 JRE (1.8.0_121-b13), built on Dec 12 2016 18:21:36 by "java_re" with MS VC++ 10.0 (VS2010)

time: Sun Feb 19 06:42:43 2017
elapsed time: 398 seconds (0d 0h 6m 38s)

