[03:25:03] [Server thread/INFO]: Starting minecraft server version 1.10
[03:25:03] [Server thread/INFO]: Loading properties
[03:25:03] [Server thread/INFO]: Default game type: SURVIVAL
[03:25:03] [Server thread/INFO]: This server is running CraftBukkit version git-Spigot-c3e4052-1953f52 (MC: 1.10) (Implementing API version 1.10-R0.1-SNAPSHOT)
[03:25:03] [Server thread/INFO]: Debug logging is disabled
[03:25:03] [Server thread/INFO]: Using 4 threads for Netty based IO
[03:25:03] [Server thread/INFO]: Server Ping Player Sample Count: 12
[03:25:03] [Server thread/INFO]: Generating keypair
[03:25:04] [Server thread/INFO]: Starting Minecraft server on *:25596
[03:25:04] [Server thread/INFO]: Using default channel type
[03:25:05] [Server thread/INFO]: Set PluginClassLoader as parallel capable
[03:25:05] [Server thread/INFO]: [INFO][NoCheatPlus] Wed Mar 15 03:25:05 ICT 2017
[03:25:05] [Server thread/INFO]: Player instances are stored for efficiency.
[03:25:06] [Server thread/INFO]: [WorldEdit] Loading WorldEdit v6.1.3;7a097ca
[03:25:06] [Server thread/INFO]: [Questioner] Loading Questioner v0.6
[03:25:06] [Server thread/INFO]: [AntiCreeper] Loading AntiCreeper v4.19
[03:25:06] [Server thread/INFO]: [ClearLag] Loading ClearLag v2.9.3
[03:25:06] [Server thread/INFO]: [PlugMan] Loading PlugMan v2.1.1
[03:25:06] [Server thread/INFO]: [BetterChairs] Loading BetterChairs v0.8.3
[03:25:06] [Server thread/INFO]: [CommandLog] Loading CommandLog v1.2
[03:25:06] [Server thread/INFO]: [NametagEdit] Loading NametagEdit v4.1.2
[03:25:06] [Server thread/INFO]: [HolographicDisplays] Loading HolographicDisplays v2.2.1
[03:25:06] [Server thread/INFO]: [WorldGuard] Loading WorldGuard v6.1.2;e38d98d
[03:25:06] [Server thread/INFO]: [AutoSaveWorld] Loading AutoSaveWorld v4.14.2
[03:25:06] [Server thread/INFO]: [NoCheatPlus] Loading NoCheatPlus v3.13.7-RC-sMD5NET-b925
[03:25:06] [Server thread/INFO]: onLoad: Early set up of static API, configuration, logging.
[03:25:06] [Server thread/INFO]: [NoCheatPlus] Logging system initialized.
[03:25:06] [Server thread/INFO]: [NoCheatPlus] Detected Minecraft version: 1.10
[03:25:06] [Server thread/INFO]: [BungeePortals] Loading BungeePortals v1.2
[03:25:06] [Server thread/INFO]: [SkinsRestorer] Loading SkinsRestorer v12.9.7
[03:25:06] [Server thread/INFO]: [PermissionsEx] Loading PermissionsEx v1.23.4
[03:25:06] [Server thread/WARN]: [PermissionsEx] This server is in offline mode. Unless this server is configured to integrate with a supported proxy (see http://dft.ba/-8ous), UUIDs *may not be stable*!
[03:25:06] [Server thread/INFO]: [CreeperHeal] Loading CreeperHeal v7.0.2
[03:25:06] [Server thread/INFO]: [ViaVersion] Loading ViaVersion v1.0.4
[03:25:06] [Server thread/INFO]: [ViaVersion] ViaVersion 1.0.4 is now loaded, injecting!
[03:25:06] [Server thread/INFO]: [ItemJoin] Loading ItemJoin v3.9.2
[03:25:06] [Server thread/INFO]: [Tablist] Loading Tablist v1.3.0.2
[03:25:06] [Server thread/INFO]: [Vault] Loading Vault v1.5.6-b49
[03:25:06] [Server thread/INFO]: [Essentials] Loading Essentials v2.0.1-b370
[03:25:06] [Server thread/INFO]: [ChestCommands] Loading ChestCommands v3.1.4
[03:25:06] [Server thread/INFO]: [EssentialsChat] Loading EssentialsChat v2.0.1-b427
[03:25:06] [Server thread/INFO]: [EssentialsSpawn] Loading EssentialsSpawn v2.0.1-b427
[03:25:06] [Server thread/INFO]: [AuthMe] Loading AuthMe v5.2-BETA3-b1134
[03:25:06] [Server thread/INFO]: [AutoSaveWorld] Enabling AutoSaveWorld v4.14.2
[03:25:06] [Server thread/INFO]: [Vault] Enabling Vault v1.5.6-b49
[03:25:07] [Server thread/INFO]: [Vault] [Economy] Essentials Economy found: Waiting
[03:25:07] [Server thread/INFO]: [Vault] [Permission] PermissionsEx found: Waiting
[03:25:07] [Server thread/INFO]: [Vault] [Permission] SuperPermissions loaded as backup permission system.
[03:25:07] [Server thread/INFO]: [Vault] [Chat] PermissionsEx found: Waiting
[03:25:07] [Server thread/INFO]: [Vault] Enabled Version 1.5.6-b49
[03:25:07] [Server thread/WARN]: **** SERVER IS RUNNING IN OFFLINE/INSECURE MODE!
[03:25:07] [Server thread/WARN]: The server will make no attempt to authenticate usernames. Beware.
[03:25:07] [Server thread/WARN]: While this makes the game possible to play without internet access, it also opens up the ability for hackers to connect with any username they choose.
[03:25:07] [Server thread/WARN]: To change this, set "online-mode" to "true" in the server.properties file.
[03:25:07] [Server thread/INFO]: **** Beginning UUID conversion, this may take A LONG time ****
[03:25:07] [Server thread/INFO]: Preparing level "world"
[03:25:07] [Server thread/INFO]: -------- World Settings For [world] --------
[03:25:07] [Server thread/INFO]: Arrow Despawn Rate: 1200
[03:25:07] [Server thread/INFO]: Allow Zombie Pigmen to spawn from portal blocks: true
[03:25:07] [Server thread/INFO]: Item Merge Radius: 2.5
[03:25:07] [Server thread/INFO]: Item Despawn Rate: 6000
[03:25:07] [Server thread/INFO]: Zombie Aggressive Towards Villager: true
[03:25:07] [Server thread/INFO]: Max Entity Collisions: 8
[03:25:07] [Server thread/INFO]: Custom Map Seeds:  Village: 10387312 Feature: 14357617
[03:25:07] [Server thread/INFO]: View Distance: 10
[03:25:07] [Server thread/INFO]: Experience Merge Radius: 3.0
[03:25:07] [Server thread/INFO]: Nerfing mobs spawned from spawners: false
[03:25:07] [Server thread/INFO]: Entity Activation Range: An 32 / Mo 32 / Mi 16
[03:25:07] [Server thread/INFO]: Cactus Growth Modifier: 100%
[03:25:07] [Server thread/INFO]: Cane Growth Modifier: 100%
[03:25:07] [Server thread/INFO]: Melon Growth Modifier: 100%
[03:25:07] [Server thread/INFO]: Mushroom Growth Modifier: 100%
[03:25:07] [Server thread/INFO]: Pumpkin Growth Modifier: 100%
[03:25:07] [Server thread/INFO]: Sapling Growth Modifier: 100%
[03:25:07] [Server thread/INFO]: Wheat Growth Modifier: 100%
[03:25:07] [Server thread/INFO]: NetherWart Growth Modifier: 100%
[03:25:07] [Server thread/INFO]: Entity Tracking Range: Pl 48 / An 48 / Mo 48 / Mi 32 / Other 64
[03:25:07] [Server thread/INFO]: Mob Spawn Range: 4
[03:25:07] [Server thread/INFO]: Max TNT Explosions: 100
[03:25:07] [Server thread/INFO]: Tile Max Tick Time: 50ms Entity max Tick Time: 50ms
[03:25:07] [Server thread/INFO]: Hopper Transfer: 8 Hopper Check: 8 Hopper Amount: 1
[03:25:07] [Server thread/INFO]: Random Lighting Updates: false
[03:25:07] [Server thread/INFO]: Structure Info Saving: true
[03:25:07] [Server thread/INFO]: -------- World Settings For [world_nether] --------
[03:25:07] [Server thread/INFO]: Arrow Despawn Rate: 1200
[03:25:07] [Server thread/INFO]: Allow Zombie Pigmen to spawn from portal blocks: true
[03:25:07] [Server thread/INFO]: Item Merge Radius: 2.5
[03:25:07] [Server thread/INFO]: Item Despawn Rate: 6000
[03:25:07] [Server thread/INFO]: Zombie Aggressive Towards Villager: true
[03:25:07] [Server thread/INFO]: Max Entity Collisions: 8
[03:25:07] [Server thread/INFO]: Custom Map Seeds:  Village: 10387312 Feature: 14357617
[03:25:07] [Server thread/INFO]: View Distance: 10
[03:25:07] [Server thread/INFO]: Experience Merge Radius: 3.0
[03:25:07] [Server thread/INFO]: Nerfing mobs spawned from spawners: false
[03:25:07] [Server thread/INFO]: Entity Activation Range: An 32 / Mo 32 / Mi 16
[03:25:07] [Server thread/INFO]: Cactus Growth Modifier: 100%
[03:25:07] [Server thread/INFO]: Cane Growth Modifier: 100%
[03:25:07] [Server thread/INFO]: Melon Growth Modifier: 100%
[03:25:07] [Server thread/INFO]: Mushroom Growth Modifier: 100%
[03:25:07] [Server thread/INFO]: Pumpkin Growth Modifier: 100%
[03:25:07] [Server thread/INFO]: Sapling Growth Modifier: 100%
[03:25:07] [Server thread/INFO]: Wheat Growth Modifier: 100%
[03:25:07] [Server thread/INFO]: NetherWart Growth Modifier: 100%
[03:25:07] [Server thread/INFO]: Entity Tracking Range: Pl 48 / An 48 / Mo 48 / Mi 32 / Other 64
[03:25:07] [Server thread/INFO]: Mob Spawn Range: 4
[03:25:07] [Server thread/INFO]: Max TNT Explosions: 100
[03:25:07] [Server thread/INFO]: Tile Max Tick Time: 50ms Entity max Tick Time: 50ms
[03:25:07] [Server thread/INFO]: Hopper Transfer: 8 Hopper Check: 8 Hopper Amount: 1
[03:25:07] [Server thread/INFO]: Random Lighting Updates: false
[03:25:07] [Server thread/INFO]: Structure Info Saving: true
[03:25:08] [Server thread/INFO]: -------- World Settings For [world_the_end] --------
[03:25:08] [Server thread/INFO]: Arrow Despawn Rate: 1200
[03:25:08] [Server thread/INFO]: Allow Zombie Pigmen to spawn from portal blocks: true
[03:25:08] [Server thread/INFO]: Item Merge Radius: 2.5
[03:25:08] [Server thread/INFO]: Item Despawn Rate: 6000
[03:25:08] [Server thread/INFO]: Zombie Aggressive Towards Villager: true
[03:25:08] [Server thread/INFO]: Max Entity Collisions: 8
[03:25:08] [Server thread/INFO]: Custom Map Seeds:  Village: 10387312 Feature: 14357617
[03:25:08] [Server thread/INFO]: View Distance: 10
[03:25:08] [Server thread/INFO]: Experience Merge Radius: 3.0
[03:25:08] [Server thread/INFO]: Nerfing mobs spawned from spawners: false
[03:25:08] [Server thread/INFO]: Entity Activation Range: An 32 / Mo 32 / Mi 16
[03:25:08] [Server thread/INFO]: Cactus Growth Modifier: 100%
[03:25:08] [Server thread/INFO]: Cane Growth Modifier: 100%
[03:25:08] [Server thread/INFO]: Melon Growth Modifier: 100%
[03:25:08] [Server thread/INFO]: Mushroom Growth Modifier: 100%
[03:25:08] [Server thread/INFO]: Pumpkin Growth Modifier: 100%
[03:25:08] [Server thread/INFO]: Sapling Growth Modifier: 100%
[03:25:08] [Server thread/INFO]: Wheat Growth Modifier: 100%
[03:25:08] [Server thread/INFO]: NetherWart Growth Modifier: 100%
[03:25:08] [Server thread/INFO]: Entity Tracking Range: Pl 48 / An 48 / Mo 48 / Mi 32 / Other 64
[03:25:08] [Server thread/INFO]: Mob Spawn Range: 4
[03:25:08] [Server thread/INFO]: Max TNT Explosions: 100
[03:25:08] [Server thread/INFO]: Tile Max Tick Time: 50ms Entity max Tick Time: 50ms
[03:25:08] [Server thread/INFO]: Hopper Transfer: 8 Hopper Check: 8 Hopper Amount: 1
[03:25:08] [Server thread/INFO]: Random Lighting Updates: false
[03:25:08] [Server thread/INFO]: Structure Info Saving: true
[03:25:08] [Server thread/INFO]: Preparing start region for level 0 (Seed: 3437366085364612359)
[03:25:09] [Server thread/INFO]: Preparing spawn area: 44%
[03:25:10] [Server thread/INFO]: Preparing spawn area: 93%
[03:25:10] [Server thread/INFO]: Preparing start region for level 1 (Seed: -6525636675838362786)
[03:25:11] [Server thread/INFO]: Preparing spawn area: 50%
[03:25:12] [Server thread/INFO]: Preparing spawn area: 81%
[03:25:12] [Server thread/INFO]: Preparing start region for level 2 (Seed: -6525636675838362786)
[03:25:13] [Server thread/INFO]: [WorldEdit] Enabling WorldEdit v6.1.3;7a097ca
[03:25:13] [Server thread/INFO]: WEPIF: Using the Bukkit Permissions API.
[03:25:13] [Server thread/INFO]: [WorldEdit] Using com.sk89q.worldedit.bukkit.adapter.impl.Spigot_v1_10_R1 as the Bukkit adapter
[03:25:13] [Server thread/INFO]: [Questioner] Enabling Questioner v0.6
[03:25:13] [Server thread/INFO]: [Questioner] v0.6 - Enabled
[03:25:13] [Server thread/INFO]: [AntiCreeper] Enabling AntiCreeper v4.19
[03:25:13] [Server thread/INFO]: [AntiCreeper] brought to you by Filbert66
[03:25:13] [Server thread/INFO]: [ClearLag] Enabling ClearLag v2.9.3
[03:25:13] [Server thread/INFO]: [ClearLag] Loading modules...
[03:25:13] [Server thread/INFO]: [ClearLag] Modules enabed, loading config values
[03:25:13] [Server thread/INFO]: [ClearLag] Modules have been loaded!
[03:25:13] [Server thread/INFO]: [ClearLag] Clearlag is now enabled!
[03:25:13] [Server thread/INFO]: [PlugMan] Enabling PlugMan v2.1.1
[03:25:13] [Thread-17/INFO]: [ClearLag] Checking for updates compatible with your bukkit version [1.10]...
[03:25:13] [Server thread/INFO]: [BetterChairs] Enabling BetterChairs v0.8.3
[03:25:13] [Server thread/INFO]: [BetterChairs] Your server is running version v1_10_R1
[03:25:13] [Server thread/INFO]: [BetterChairs] NMS hooked !
[03:25:13] [Server thread/INFO]: [CommandLog] Enabling CommandLog v1.2
[03:25:13] [Server thread/INFO]: There are 5 commands in the ignore list
[03:25:13] [Server thread/INFO]: [NametagEdit] Enabling NametagEdit v4.1.2
[03:25:14] [Server thread/INFO]: [NametagEdit] Found PermissionsEx! Hooking in.
[03:25:14] [Server thread/INFO]: [HolographicDisplays] Enabling HolographicDisplays v2.2.1
[03:25:14] [Server thread/INFO]: [WorldGuard] Enabling WorldGuard v6.1.2;e38d98d
[03:25:15] [Server thread/INFO]: [WorldGuard] (world) TNT ignition is PERMITTED.
[03:25:15] [Server thread/INFO]: [WorldGuard] (world) Lighters are PERMITTED.
[03:25:15] [Server thread/INFO]: [WorldGuard] (world) Lava fire is blocked.
[03:25:15] [Server thread/INFO]: [WorldGuard] (world) Fire spread is UNRESTRICTED.
[03:25:15] [Server thread/INFO]: [WorldGuard] Loaded configuration for world 'world'
[03:25:15] [Server thread/INFO]: [WorldGuard] (world_nether) TNT ignition is PERMITTED.
[03:25:15] [Server thread/INFO]: [WorldGuard] (world_nether) Lighters are PERMITTED.
[03:25:15] [Server thread/INFO]: [WorldGuard] (world_nether) Lava fire is blocked.
[03:25:15] [Server thread/INFO]: [WorldGuard] (world_nether) Fire spread is UNRESTRICTED.
[03:25:15] [Server thread/INFO]: [WorldGuard] Loaded configuration for world 'world_nether'
[03:25:15] [Server thread/INFO]: [WorldGuard] (world_the_end) TNT ignition is PERMITTED.
[03:25:15] [Server thread/INFO]: [WorldGuard] (world_the_end) Lighters are PERMITTED.
[03:25:15] [Server thread/INFO]: [WorldGuard] (world_the_end) Lava fire is blocked.
[03:25:15] [Server thread/INFO]: [WorldGuard] (world_the_end) Fire spread is UNRESTRICTED.
[03:25:15] [Server thread/INFO]: [WorldGuard] Loaded configuration for world 'world_the_end'
[03:25:15] [Server thread/INFO]: [WorldGuard] Loading region data...
[03:25:15] [Server thread/INFO]: [NoCheatPlus] Enabling NoCheatPlus v3.13.7-RC-sMD5NET-b925
[03:25:15] [Server thread/WARN]: [NoCheatPlus] Running in Bukkit-API-only mode (git-Spigot-c3e4052-1953f52 (MC: 1.10)). If this is not intended, please check for updates and consider to request support.
[03:25:15] [Server thread/WARN]: [NoCheatPlus]  Check for updates and support at BukkitDev: http://dev.bukkit.org/server-mods/nocheatplus/
[03:25:15] [Server thread/WARN]: [NoCheatPlus]  Development builds (unsupported by the Bukkit Staff, use at your own risk): http://ci.md-5.net/job/NoCheatPlus/changes
[03:25:15] [Server thread/WARN]: [NoCheatPlus] Bukkit-API-only mode: Some features will likely not function properly, performance might suffer.
[03:25:15] [Server thread/INFO]: [NoCheatPlus] McAccess set to: 1.4.6|1.4.7|1.5.x|1.6.x|1.7.x|1.8.x|? / Bukkit-API
[03:25:15] [Server thread/INFO]: [NoCheatPlus] Added block-info for Minecraft 1.5 blocks.
[03:25:15] [Server thread/INFO]: [NoCheatPlus] Added block-info for Minecraft 1.6.1 blocks.
[03:25:15] [Server thread/INFO]: [NoCheatPlus] Added block-info for Minecraft 1.7.2 blocks.
[03:25:15] [Server thread/INFO]: [NoCheatPlus] Added block-info for Minecraft 1.8 blocks.
[03:25:16] [Server thread/INFO]: [NoCheatPlus] Inventory checks: FastConsume is available, disabled InstantEat.
[03:25:16] [Server thread/INFO]: [NoCheatPlus] Packet level access: ProtocolLib is not available.
[03:25:16] [Server thread/INFO]: [NoCheatPlus] Version 3.13.7-RC-sMD5NET-b925 is enabled.
[03:25:16] [Server thread/INFO]: [BungeePortals] Enabling BungeePortals v1.2
[03:25:16] [Server thread/INFO]: [BungeePortals] Metrics initiated!
[03:25:16] [Server thread/INFO]: [BungeePortals] Commands registered!
[03:25:16] [Server thread/INFO]: [BungeePortals] Events registered!
[03:25:16] [Server thread/INFO]: [BungeePortals] Plugin channel registered!
[03:25:16] [Server thread/INFO]: [BungeePortals] Configuration file config.yml loaded!
[03:25:16] [Server thread/INFO]: [BungeePortals] Configuration file portals.yml loaded!
[03:25:16] [Server thread/INFO]: [BungeePortals] Portal data loaded! (2ms)
[03:25:16] [Server thread/INFO]: [BungeePortals] Save task started!
[03:25:16] [Server thread/INFO]: [BungeePortals] Version 1.2 has been enabled. (41ms)
[03:25:16] [Server thread/INFO]: [SkinsRestorer] Enabling SkinsRestorer v12.9.7
[03:25:16] [Server thread/INFO]: [0;32;1mDetected Minecraft [0;33;1mv1_10_R1[0;32;1m, using [0;33;1mUniversalSkinFactory[m
[03:25:16] [Server thread/INFO]: [PermissionsEx] Enabling PermissionsEx v1.23.4
[03:25:16] [Server thread/INFO]: [PermissionsEx] Initializing file backend
[03:25:16] [Server thread/INFO]: [PermissionsEx] Permissions file successfully reloaded
[03:25:16] [Server thread/INFO]: WEPIF: PermissionsEx detected! Using PermissionsEx for permissions.
[03:25:16] [Server thread/INFO]: [Vault][Permission] PermissionsEx hooked.
[03:25:16] [Server thread/INFO]: [Vault][Chat] PermissionsEx_Chat hooked.
[03:25:16] [Server thread/INFO]: [CreeperHeal] Enabling CreeperHeal v7.0.2
[03:25:16] [Server thread/INFO]: debug: false
[03:25:16] [Server thread/INFO]: [ViaVersion] Enabling ViaVersion v1.0.4
[03:25:16] [Server thread/INFO]: [ItemJoin] Enabling ItemJoin v3.9.2
[03:25:16] [Server thread/INFO]: [0;37;22m[[0;33;1mItemJoin[0;37;22m] [0;32;1mCached [0;33;1mworld[m
[03:25:16] [Server thread/INFO]: [0;37;22m[[0;33;1mItemJoin[0;37;22m] [0;32;1mCached [0;33;1mworld_nether[m
[03:25:16] [Server thread/INFO]: [0;37;22m[[0;33;1mItemJoin[0;37;22m] [0;32;1mChecking for updates...[m
[03:25:16] [Server thread/WARN]: [AutoSaveWorld] Plugin ItemJoin attempted to establish connection http://www.spigotmc.org/api/general.php in main server thread
[03:25:17] [Server thread/WARN]: [AutoSaveWorld] Plugin ItemJoin attempted to establish connection socket://www.spigotmc.org:80 in main server thread
[03:25:17] [Thread-17/INFO]: [ClearLag] No updates found!
[03:25:17] [Server thread/INFO]: [0;37;22m[[0;33;1mItemJoin[0;37;22m] [0;32;1mYou are up to date![m
[03:25:17] [Server thread/INFO]: [0;37;22m[[0;33;1mItemJoin[0;37;22m] [0;32;1mhas been Enabled![m
[03:25:17] [Server thread/INFO]: [Tablist] Enabling Tablist v1.3.0.2
[03:25:17] [Server thread/INFO]: Tablist> Tablist v1.3.0.2 enabled!!
[03:25:17] [Server thread/INFO]: [Essentials] Enabling Essentials v2.0.1-b370
[03:25:17] [Server thread/WARN]: [Essentials] §4Version mismatch! Please update EssentialsChat to the same version.
[03:25:17] [Server thread/WARN]: [Essentials] §4Version mismatch! Please update EssentialsSpawn to the same version.
[03:25:17] [Server thread/INFO]: Using locale vn
[03:25:17] [Server thread/INFO]: [Essentials] Using 1.8.3+ BlockStateMeta provider as mob spawner provider.
[03:25:17] [Server thread/INFO]: [Essentials] Using Reflection based provider as spawn egg provider.
[03:25:17] [Server thread/INFO]: [Essentials] Using 1.9+ BasePotionData provider as potion meta provider.
[03:25:18] [Server thread/INFO]: Using locale vn
[03:25:18] [Server thread/INFO]: [Essentials] Starting Metrics. Opt-out using the global PluginMetrics config.
[03:25:18] [Server thread/INFO]: [Vault][Economy] Essentials Economy hooked.
[03:25:18] [Server thread/INFO]: [ChestCommands] Enabling ChestCommands v3.1.4
[03:25:18] [Server thread/INFO]: [EssentialsChat] Enabling EssentialsChat v2.0.1-b427
[03:25:18] [Server thread/WARN]: §4Version mismatch! Please update all Essentials jars to the same version.
[03:25:18] [Server thread/INFO]: [EssentialsSpawn] Enabling EssentialsSpawn v2.0.1-b427
[03:25:18] [Server thread/WARN]: §4Version mismatch! Please update all Essentials jars to the same version.
[03:25:18] [Server thread/INFO]: [AuthMe] Enabling AuthMe v5.2-BETA3-b1134
[03:25:18] [Server thread/INFO]: [AuthMe] Connection arguments loaded, Hikari ConnectionPool ready!
[03:25:18] [Server thread/WARN]: [Server thread] INFO fr.xephi.authme.libs.hikari.HikariDataSource - AuthMeMYSQLPool - Started.
[03:25:18] [Server thread/WARN]: [AutoSaveWorld] Plugin AuthMe attempted to establish connection socket://127.0.0.1:3306 in main server thread
[03:25:19] [Server thread/INFO]: [AuthMe] MySQL setup finished
[03:25:19] [Server thread/INFO]: [AuthMe] Unhooked from Permissions!
[03:25:19] [Server thread/INFO]: [AuthMe] Hooked into PermissionsEx!
[03:25:19] [Server thread/INFO]: [AuthMe] Hooked successfully into Essentials
[03:25:19] [Server thread/INFO]: [AuthMe] [LICENSE] This product uses data from the GeoLite API created by MaxMind, available at http://www.maxmind.com
[03:25:20] [Server thread/INFO]: [AuthMe] Development builds are available on our jenkins, thanks to f14stelt.
[03:25:20] [Server thread/INFO]: [AuthMe] Do you want a good game server? Look at our sponsor GameHosting.it leader in Italy as Game Server Provider!
[03:25:20] [Server thread/INFO]: [AuthMe] AuthMe 5.2-BETA3-b1134 correctly enabled!
[03:25:20] [Server thread/INFO]: Server permissions file permissions.yml is empty, ignoring it
[03:25:20] [Server thread/INFO]: Done (13,654s)! For help, type "help" or "?"
[03:25:21] [Server thread/INFO]: [ViaVersion] ViaVersion detected server version: 1.10(210)
[03:25:21] [Server thread/INFO]: [HolographicDisplays] Found a new version available: v2.2.5
[03:25:21] [Server thread/INFO]: [HolographicDisplays] Download it on Bukkit Dev:
[03:25:21] [Server thread/INFO]: [HolographicDisplays] dev.bukkit.org/bukkit-plugins/holographic-displays
[03:25:21] [Craft Scheduler Thread - 5/INFO]: [NoCheatPlus] Added hook: AllViolations(NCP) [1.0].
[03:25:21] [Server thread/WARN]: [NoCheatPlus] The block breaking data is incomplete, default to allow instant breaking:
--- Missing entries -------------------------------
* MISSING 198(END_ROD / IGN_PASSABLE) 
* MISSING 199(CHORUS_PLANT / IGN_PASSABLE) 
* MISSING 200(CHORUS_FLOWER / IGN_PASSABLE) 
* MISSING 201(PURPUR_BLOCK / SOLID+GROUND) 
* MISSING 202(PURPUR_PILLAR / SOLID+GROUND) 
* MISSING 203(PURPUR_STAIRS / SOLID+IGN_PASSABLE+GROUND+GROUND_HEIGHT) 
* MISSING 204(PURPUR_DOUBLE_SLAB / SOLID+GROUND) 
* MISSING 205(PURPUR_SLAB / SOLID+IGN_PASSABLE+GROUND+GROUND_HEIGHT) 
* MISSING 206(END_BRICKS / SOLID+GROUND) 
* MISSING 207(BEETROOT_BLOCK / IGN_PASSABLE) 
* MISSING 208(GRASS_PATH / SOLID+IGN_PASSABLE+GROUND+GROUND_HEIGHT) 
* MISSING 209(END_GATEWAY / IGN_PASSABLE) 
* MISSING 210(COMMAND_REPEATING / SOLID+GROUND) 
* MISSING 211(COMMAND_CHAIN / SOLID+GROUND) 
* MISSING 212(FROSTED_ICE / SOLID+IGN_PASSABLE+GROUND+GROUND_HEIGHT) 
* MISSING 213(MAGMA / SOLID+GROUND) 
* MISSING 214(NETHER_WART_BLOCK / SOLID+GROUND) 
* MISSING 215(RED_NETHER_BRICK / SOLID+GROUND) 
* MISSING 216(BONE_BLOCK / SOLID+GROUND) 
* MISSING 217(STRUCTURE_VOID / IGN_PASSABLE) 
* MISSING 255(STRUCTURE_BLOCK / SOLID+GROUND) 
[03:25:21] [Server thread/INFO]: [PlugMan] Metrics started: http://mcstats.org/plugin/PlugMan
[03:25:21] [Server thread/INFO]: [NoCheatPlus] Post-enable running...
[03:25:21] [Server thread/INFO]: [NoCheatPlus] Post-enable finished.
[03:25:21] [Craft Scheduler Thread - 13/INFO]: [Vault] Checking for Updates ... 
[03:25:21] [Craft Scheduler Thread - 6/INFO]: [m
[03:25:21] [Craft Scheduler Thread - 6/INFO]: [0;32;1m    +===============+[m
[03:25:21] [Craft Scheduler Thread - 6/INFO]: [0;32;1m    | SkinsRestorer |[m
[03:25:21] [Craft Scheduler Thread - 6/INFO]: [0;32;1m    +===============+[m
[03:25:21] [Craft Scheduler Thread - 6/INFO]: [m
[03:25:21] [Craft Scheduler Thread - 6/INFO]: [0;36;1m    Current version: [0;31;1m12.9.7[m
[03:25:21] [Craft Scheduler Thread - 6/INFO]: [0;32;1m    The latest version![m
[03:25:21] [Craft Scheduler Thread - 6/INFO]: [m
[03:25:22] [Craft Scheduler Thread - 13/INFO]: [Vault] No new version available
[03:25:22] [Craft Scheduler Thread - 5/INFO]: [PlugMan] No update was found.
[03:26:00] [User Authenticator #1/INFO]: UUID of player fybit11 is 4ab793a6-3db7-3e5b-be5a-7cb191e8544d
[03:26:00] [Server thread/WARN]: [AutoSaveWorld] Plugin BetterChairs attempted to establish connection http://dev.blackscarx.com/betterchairsversion.txt in main server thread
[03:26:00] [Server thread/WARN]: [AutoSaveWorld] Plugin BetterChairs attempted to establish connection socket://dev.blackscarx.com:80 in main server thread
[03:26:01] [Server thread/INFO]: fybit11[/127.0.0.1:60394] logged in with entity id 51 at ([world]-683.4620241534291, 46.0, 578.7302185248265)
[03:26:01] [Server thread/INFO]: * [0;32;1mfybit11[0;33;1m v?a vào Network[m
[03:26:13] [Craft Scheduler Thread - 9/INFO]: [AuthMe] fybit11 logged in!
[03:28:54] [Server thread/INFO]: fybit11 issued server command: /gm 1
[03:29:37] [Server thread/INFO]: [PermissionsEx] Permissions file successfully reloaded
[03:29:37] [Server thread/INFO]: [0;37;1mPermissions reloaded[m
[03:29:42] [Server thread/INFO]: fybit11 lost connection: Disconnected
[03:29:43] [Server thread/INFO]: * fybit11 ð? thoát Network
[03:29:47] [User Authenticator #2/INFO]: UUID of player fybit11 is 4ab793a6-3db7-3e5b-be5a-7cb191e8544d
[03:29:47] [Server thread/WARN]: [AutoSaveWorld] Plugin BetterChairs attempted to establish connection http://dev.blackscarx.com/betterchairsversion.txt in main server thread
[03:29:47] [Server thread/WARN]: [AutoSaveWorld] Plugin BetterChairs attempted to establish connection socket://dev.blackscarx.com:80 in main server thread
[03:29:48] [Server thread/INFO]: fybit11[/127.0.0.1:60440] logged in with entity id 62 at ([world]-684.3017223114186, 46.0, 577.4453461494552)
[03:29:48] [Server thread/INFO]: * [0;32;1mfybit11[0;33;1m v?a vào Network[m
[03:29:55] [Server thread/INFO]: fybit11 lost connection: Disconnected
[03:29:55] [Server thread/INFO]: * fybit11 ð? thoát Network
[03:29:59] [User Authenticator #3/INFO]: UUID of player fybit11 is 4ab793a6-3db7-3e5b-be5a-7cb191e8544d
[03:29:59] [Server thread/WARN]: [AutoSaveWorld] Plugin BetterChairs attempted to establish connection http://dev.blackscarx.com/betterchairsversion.txt in main server thread
[03:29:59] [Server thread/WARN]: [AutoSaveWorld] Plugin BetterChairs attempted to establish connection socket://dev.blackscarx.com:80 in main server thread
[03:29:59] [Server thread/INFO]: fybit11[/127.0.0.1:60454] logged in with entity id 64 at ([world]-684.3018309688343, 46.0, 577.4457227662745)
[03:30:00] [Server thread/INFO]: * [0;32;1mfybit11[0;33;1m v?a vào Network[m
[03:30:15] [Craft Scheduler Thread - 20/INFO]: [AuthMe] fybit11 logged in!
[03:30:17] [Server thread/INFO]: [Server] You can even execute more than one command!
[03:30:17] [Server thread/INFO]: [fybit11] This is item slot 1
[03:30:17] [Server thread/INFO]: [fybit11] Hello world!
[03:32:06] [Server thread/INFO]: [0;31;22m[[0;36;22m[21mXe Rác[0;31;22m] [0;31;1mV?t ph?m trên m?t ð?t s? b? h?t trong [0;37;22m60 [0;31;1mgiây![m
[03:32:46] [Server thread/INFO]: [0;31;22m[[0;36;22m[21mXe Rác[0;31;22m] [0;31;1mV?t ph?m trên m?t ð?t s? b? h?t trong [0;37;22m20 [0;31;1mgiây![m
[03:33:06] [Server thread/INFO]: [0;37;22m[[0;33;1mItemJoin[0;37;22m] [0;31;1mFor the world [0;33;1mworld[0;31;1m the item [0;33;1multra-item's [0;31;1mMaterial 'ID' is invalid or does not exist![m
[03:33:06] [Server thread/INFO]: [0;37;22m[[0;33;1mItemJoin[0;37;22m] [0;31;1mThe item [0;33;1multra-item[0;31;1m will not be set![m
[03:33:06] [Server thread/INFO]: [0;37;22m[[0;33;1mItemJoin[0;37;22m] [0;32;1mConfiguration Reloaded![m
[03:33:06] [Server thread/INFO]: [0;37;22m[[0;33;1mItemJoin[0;37;22m] [0;32;1mCached [0;33;1mworld[m
[03:33:06] [Server thread/INFO]: [0;37;22m[[0;33;1mItemJoin[0;37;22m] [0;32;1mCached [0;33;1mworld_nether[m
[03:33:06] [Server thread/INFO]: [0;37;22m[[0;33;1mItemJoin[0;37;22m] [0;31;22mCONSOLE has reloaded the Configuration files.[m
[03:33:06] [Server thread/INFO]: [0;31;22m[[0;36;22m[21mXe Rác[0;31;22m] [0;32;1mÐ? h?t 0 v?t ph?m trên m?t ð?t![m
[03:33:12] [Server thread/INFO]: fybit11 lost connection: Disconnected
[03:33:13] [Server thread/INFO]: * fybit11 ð? thoát Network
[03:33:16] [User Authenticator #4/INFO]: UUID of player fybit11 is 4ab793a6-3db7-3e5b-be5a-7cb191e8544d
[03:33:16] [Server thread/WARN]: [AutoSaveWorld] Plugin BetterChairs attempted to establish connection http://dev.blackscarx.com/betterchairsversion.txt in main server thread
[03:33:16] [Server thread/WARN]: [AutoSaveWorld] Plugin BetterChairs attempted to establish connection socket://dev.blackscarx.com:80 in main server thread
[03:33:17] [Server thread/INFO]: [0;37;22m[[0;33;1mItemJoin[0;37;22m] [0;31;1mFor the world [0;33;1mworld[0;31;1m the item [0;33;1multra-item's [0;31;1mMaterial 'ID' is invalid or does not exist![m
[03:33:17] [Server thread/INFO]: [0;37;22m[[0;33;1mItemJoin[0;37;22m] [0;31;1mThe item [0;33;1multra-item[0;31;1m will not be set![m
[03:33:17] [Server thread/INFO]: fybit11[/127.0.0.1:60510] logged in with entity id 69 at ([world]-683.1352759645898, 46.0, 578.6209827458582)
[03:33:17] [Server thread/INFO]: * [0;32;1mfybit11[0;33;1m v?a vào Network[m
[03:33:25] [Server thread/INFO]: fybit11 lost connection: Disconnected
[03:33:25] [Server thread/INFO]: * fybit11 ð? thoát Network
[03:33:27] [User Authenticator #5/INFO]: UUID of player fybit11 is 4ab793a6-3db7-3e5b-be5a-7cb191e8544d
[03:33:27] [Server thread/WARN]: [AutoSaveWorld] Plugin BetterChairs attempted to establish connection http://dev.blackscarx.com/betterchairsversion.txt in main server thread
[03:33:27] [Server thread/WARN]: [AutoSaveWorld] Plugin BetterChairs attempted to establish connection socket://dev.blackscarx.com:80 in main server thread
[03:33:28] [Server thread/INFO]: [0;37;22m[[0;33;1mItemJoin[0;37;22m] [0;31;1mFor the world [0;33;1mworld[0;31;1m the item [0;33;1multra-item's [0;31;1mMaterial 'ID' is invalid or does not exist![m
[03:33:28] [Server thread/INFO]: [0;37;22m[[0;33;1mItemJoin[0;37;22m] [0;31;1mThe item [0;33;1multra-item[0;31;1m will not be set![m
[03:33:28] [Server thread/INFO]: fybit11[/127.0.0.1:60521] logged in with entity id 70 at ([world]-683.1355333045732, 46.0, 578.6208532223767)
[03:33:28] [Server thread/INFO]: * [0;32;1mfybit11[0;33;1m v?a vào Network[m
[03:33:33] [Craft Scheduler Thread - 34/INFO]: [AuthMe] fybit11 logged in!
[03:33:46] [Server thread/INFO]: fybit11 issued server command: /deop fybit11
[03:33:46] [Server thread/INFO]: [fybit11: De-opped fybit11]
[03:33:52] [Server thread/INFO]: fybit11 lost connection: Disconnected
[03:33:52] [Server thread/INFO]: * fybit11 ð? thoát Network
[03:33:54] [User Authenticator #6/INFO]: UUID of player fybit11 is 4ab793a6-3db7-3e5b-be5a-7cb191e8544d
[03:33:54] [Server thread/INFO]: [0;37;22m[[0;33;1mItemJoin[0;37;22m] [0;31;1mFor the world [0;33;1mworld[0;31;1m the item [0;33;1multra-item's [0;31;1mMaterial 'ID' is invalid or does not exist![m
[03:33:54] [Server thread/INFO]: [0;37;22m[[0;33;1mItemJoin[0;37;22m] [0;31;1mThe item [0;33;1multra-item[0;31;1m will not be set![m
[03:33:54] [Server thread/INFO]: fybit11[/127.0.0.1:60534] logged in with entity id 72 at ([world]-683.3678861250753, 46.0, 578.3794699727965)
[03:33:54] [Server thread/INFO]: * [0;32;1mfybit11[0;33;1m v?a vào Network[m
[03:34:02] [Craft Scheduler Thread - 28/INFO]: [AuthMe] fybit11 logged in!
[03:34:44] [Server thread/INFO]: [0;37;22m[[0;33;1mItemJoin[0;37;22m] [0;32;1mConfiguration Reloaded![m
[03:34:44] [Server thread/INFO]: [0;37;22m[[0;33;1mItemJoin[0;37;22m] [0;32;1mCached [0;33;1mworld[m
[03:34:44] [Server thread/INFO]: [0;37;22m[[0;33;1mItemJoin[0;37;22m] [0;32;1mCached [0;33;1mworld_nether[m
[03:34:44] [Server thread/INFO]: [0;37;22m[[0;33;1mItemJoin[0;37;22m] [0;31;22mCONSOLE has reloaded the Configuration files.[m
[03:34:48] [Server thread/INFO]: fybit11 lost connection: Disconnected
[03:34:48] [Server thread/INFO]: * fybit11 ð? thoát Network
[03:34:50] [User Authenticator #7/INFO]: UUID of player fybit11 is 4ab793a6-3db7-3e5b-be5a-7cb191e8544d
[03:34:50] [Server thread/INFO]: Disconnecting com.mojang.authlib.GameProfile@686f26b2[id=4ab793a6-3db7-3e5b-be5a-7cb191e8544d,name=fybit11,properties={},legacy=false] (/127.0.0.1:60580): Too fast re-login, try with a little delay.
[03:34:50] [Craft Scheduler Thread - 33/INFO]: [NoCheatPlus] fybit11 failed Relog: relogs too fast. VL 1.
[03:34:50] [Server thread/INFO]: com.mojang.authlib.GameProfile@686f26b2[id=4ab793a6-3db7-3e5b-be5a-7cb191e8544d,name=fybit11,properties={},legacy=false] (/127.0.0.1:60580) lost connection: Too fast re-login, try with a little delay.
[03:34:54] [User Authenticator #8/INFO]: UUID of player fybit11 is 4ab793a6-3db7-3e5b-be5a-7cb191e8544d
[03:34:54] [Server thread/INFO]: fybit11[/127.0.0.1:60585] logged in with entity id 74 at ([world]-682.4681446063821, 46.0, 579.4716475757534)
[03:34:54] [Server thread/INFO]: * [0;32;1mfybit11[0;33;1m v?a vào Network[m
[03:35:02] [Craft Scheduler Thread - 35/INFO]: [AuthMe] fybit11 logged in!
[03:35:43] [Server thread/INFO]: Opped fybit11
[03:36:05] [Server thread/INFO]: fybit11 issued server command: /rg flag hub use allow
[03:36:12] [Server thread/INFO]: fybit11 issued server command: /deop fybit11
[03:36:12] [Server thread/INFO]: [fybit11: De-opped fybit11]
[03:36:15] [Timer-1/INFO]: [WorldGuard] Region data changes made in 'world' have been background saved
[03:36:50] [Server thread/INFO]: fybit11 issued server command: /gm 0
[03:36:50] [Server thread/INFO]: §cfybit11 §4không ðý?c dùng l?nh này.
[03:36:54] [Server thread/INFO]: CONSOLE issued server command: /gm 0 fybit11
[03:36:54] [Server thread/INFO]: [0;33;22mÐ? ch?nh ch? ð?[0;31;1m Sinh t?n [0;33;22mcho [[0;32;22mHUB[0;37;1m] fybit11[m[0;33;22m.[m
[03:37:03] [Server thread/INFO]: fybit11 lost connection: Disconnected
[03:37:03] [Server thread/INFO]: * fybit11 ð? thoát Network
[03:37:04] [User Authenticator #9/INFO]: UUID of player fybit11 is 4ab793a6-3db7-3e5b-be5a-7cb191e8544d
[03:37:04] [Server thread/INFO]: fybit11[/127.0.0.1:60609] logged in with entity id 75 at ([world]-650.6237978319581, 42.0, 577.8493799485699)
[03:37:04] [Server thread/INFO]: * [0;32;1mfybit11[0;33;1m v?a vào Network[m
[03:37:15] [Craft Scheduler Thread - 35/INFO]: [AuthMe] fybit11 logged in!
[03:37:18] [Server thread/INFO]: Opped fybit11
[03:37:38] [Server thread/INFO]: fybit11 issued server command: /hd list
[03:38:39] [Server thread/INFO]: fybit11 issued server command: /hd setline tbspawn 7 &6&lM?t la bàn g? &f&l/sv
[03:38:47] [Server thread/INFO]: fybit11 issued server command: /sv
[03:39:09] [Server thread/INFO]: fybit11 issued server command: /gm 1
[03:39:22] [Server thread/INFO]: fybit11 issued server command: /hd movehere tbspawn
[03:39:31] [Server thread/INFO]: fybit11 issued server command: /hd movehere tbspawn
[03:39:42] [Server thread/INFO]: fybit11 issued server command: /hd movehere tbspawn
[03:39:43] [Server thread/INFO]: fybit11 issued server command: /hd movehere tbspawn
[03:39:49] [Server thread/INFO]: [0;31;22m[[0;36;22m[21mXe Rác[0;31;22m] [0;31;1mV?t ph?m trên m?t ð?t s? b? h?t trong [0;37;22m60 [0;31;1mgiây![m
[03:40:01] [Server thread/INFO]: fybit11 issued server command: /hd movehere tbspawn
[03:40:03] [Server thread/INFO]: fybit11 issued server command: /hd movehere tbspawn
[03:40:08] [AutoSaveWorld AutoSaveThread/INFO]: [[0;33;22mMinelg.com - Data[0;37;1m] [0;34;1mÐang lýu d? li?u[m
[03:40:09] [AutoSaveWorld AutoSaveThread/INFO]: [[0;33;22mMinelg.com - Data[0;37;1m] [0;34;1mLýu d? li?u thành công[m
[03:40:15] [Server thread/INFO]: fybit11 issued server command: /hd movehere tbspawn
[03:40:17] [Server thread/INFO]: fybit11 issued server command: /hd movehere tbspawn
[03:40:25] [Server thread/INFO]: fybit11 issued server command: /hd movehere tbspawn
[03:40:27] [Server thread/INFO]: fybit11 issued server command: /hd movehere tbspawn
[03:40:29] [Server thread/INFO]: [0;31;22m[[0;36;22m[21mXe Rác[0;31;22m] [0;31;1mV?t ph?m trên m?t ð?t s? b? h?t trong [0;37;22m20 [0;31;1mgiây![m
[03:40:49] [Server thread/INFO]: [0;31;22m[[0;36;22m[21mXe Rác[0;31;22m] [0;32;1mÐ? h?t 0 v?t ph?m trên m?t ð?t![m
[03:40:58] [Server thread/INFO]: fybit11 issued server command: /setspawn
[03:41:07] [Server thread/INFO]: fybit11 issued server command: /setspawn
[03:41:14] [Server thread/INFO]: fybit11 issued server command: /hd movehere tbspawn
[03:41:16] [Server thread/INFO]: fybit11 issued server command: /hd movehere tbspawn
[03:41:27] [Server thread/INFO]: fybit11 issued server command: /setspawn
[03:41:53] [Server thread/INFO]: fybit11 issued server command: /hd movehere tbspawn
[03:41:55] [Server thread/INFO]: fybit11 issued server command: /hd movehere tbspawn
[03:41:58] [Server thread/INFO]: fybit11 issued server command: /spawn
[03:42:06] [Server thread/INFO]: fybit11 issued server command: /spawn
[03:42:15] [Server thread/INFO]: fybit11 issued server command: /hd movehere tbspawn
[03:42:17] [Server thread/INFO]: fybit11 issued server command: /hd movehere tbspawn
[03:42:24] [Server thread/INFO]: fybit11 issued server command: /spawn
[03:42:46] [Server thread/INFO]: fybit11 issued server command: /hd movehere tbspawn
[03:43:04] [Server thread/INFO]: fybit11 lost connection: Disconnected
[03:43:04] [Server thread/INFO]: * fybit11 ð? thoát Network
[03:43:12] [Server thread/INFO]: De-opped fybit11
[03:43:16] [User Authenticator #10/INFO]: UUID of player fybit11 is 4ab793a6-3db7-3e5b-be5a-7cb191e8544d
[03:43:16] [Server thread/INFO]: fybit11[/127.0.0.1:60708] logged in with entity id 202 at ([world]-681.9250000119209, 46.5, 576.0469534191622)
[03:43:16] [Server thread/INFO]: * [0;32;1mfybit11[0;33;1m v?a vào Network[m
[03:43:23] [Craft Scheduler Thread - 50/INFO]: [AuthMe] fybit11 logged in!
[03:45:31] [Server thread/INFO]: fybit11 lost connection: Disconnected
[03:45:31] [Server thread/INFO]: * fybit11 ð? thoát Network
[03:46:20] [User Authenticator #11/INFO]: UUID of player fybit11 is 4ab793a6-3db7-3e5b-be5a-7cb191e8544d
[03:46:21] [Server thread/INFO]: fybit11[/127.0.0.1:60835] logged in with entity id 203 at ([world]-683.5153707636075, 46.0, 578.1548008740378)
[03:46:21] [Server thread/INFO]: * [0;32;1mfybit11[0;33;1m v?a vào Network[m
[03:46:40] [Craft Scheduler Thread - 54/INFO]: [AuthMe] fybit11 logged in!
[03:46:45] [Server thread/INFO]: fybit11 lost connection: Disconnected
[03:46:45] [Server thread/INFO]: * fybit11 ð? thoát Network
[03:47:11] [User Authenticator #12/INFO]: UUID of player fybit11 is 4ab793a6-3db7-3e5b-be5a-7cb191e8544d
[03:47:12] [Server thread/INFO]: fybit11[/127.0.0.1:60848] logged in with entity id 204 at ([world]-683.5137641121548, 46.0, 578.5076512030589)
[03:47:12] [Server thread/INFO]: * [0;32;1mfybit11[0;33;1m v?a vào Network[m
[03:47:24] [Craft Scheduler Thread - 55/INFO]: [AuthMe] fybit11 logged in!
[03:47:38] [Server thread/INFO]: fybit11 lost connection: Disconnected
[03:47:38] [Server thread/INFO]: * fybit11 ð? thoát Network
[03:47:41] [Server thread/INFO]: [0;31;22m[[0;36;22m[21mXe Rác[0;31;22m] [0;31;1mV?t ph?m trên m?t ð?t s? b? h?t trong [0;37;22m60 [0;31;1mgiây![m
[03:48:21] [Server thread/INFO]: [0;31;22m[[0;36;22m[21mXe Rác[0;31;22m] [0;31;1mV?t ph?m trên m?t ð?t s? b? h?t trong [0;37;22m20 [0;31;1mgiây![m
[03:48:41] [Server thread/INFO]: [0;31;22m[[0;36;22m[21mXe Rác[0;31;22m] [0;32;1mÐ? h?t 0 v?t ph?m trên m?t ð?t![m
[03:55:10] [AutoSaveWorld AutoSaveThread/INFO]: [[0;33;22mMinelg.com - Data[0;37;1m] [0;34;1mÐang lýu d? li?u[m
[03:55:11] [AutoSaveWorld AutoSaveThread/INFO]: [[0;33;22mMinelg.com - Data[0;37;1m] [0;34;1mLýu d? li?u thành công[m
[03:55:23] [Server thread/INFO]: [0;31;22m[[0;36;22m[21mXe Rác[0;31;22m] [0;31;1mV?t ph?m trên m?t ð?t s? b? h?t trong [0;37;22m60 [0;31;1mgiây![m
[03:56:03] [Server thread/INFO]: [0;31;22m[[0;36;22m[21mXe Rác[0;31;22m] [0;31;1mV?t ph?m trên m?t ð?t s? b? h?t trong [0;37;22m20 [0;31;1mgiây![m
[03:56:23] [Server thread/INFO]: [0;31;22m[[0;36;22m[21mXe Rác[0;31;22m] [0;32;1mÐ? h?t 0 v?t ph?m trên m?t ð?t![m
[04:03:03] [Server thread/INFO]: [0;31;22m[[0;36;22m[21mXe Rác[0;31;22m] [0;31;1mV?t ph?m trên m?t ð?t s? b? h?t trong [0;37;22m60 [0;31;1mgiây![m
[04:03:43] [Server thread/INFO]: [0;31;22m[[0;36;22m[21mXe Rác[0;31;22m] [0;31;1mV?t ph?m trên m?t ð?t s? b? h?t trong [0;37;22m20 [0;31;1mgiây![m
[04:04:03] [Server thread/INFO]: [0;31;22m[[0;36;22m[21mXe Rác[0;31;22m] [0;32;1mÐ? h?t 0 v?t ph?m trên m?t ð?t![m
[04:04:11] [Server thread/INFO]: CONSOLE: [0;31;1mPlease note that this command is not supported and may cause issues when using some plugins.[m
[04:04:11] [Server thread/INFO]: CONSOLE: [0;31;1mIf you encounter any issues please use the /stop command to restart your server.[m
[04:04:12] [Server thread/INFO]: Debug logging is disabled
[04:04:12] [Server thread/INFO]: Using 4 threads for Netty based IO
[04:04:12] [Server thread/INFO]: Server Ping Player Sample Count: 12
[04:04:12] [Server thread/INFO]: -------- World Settings For [world] --------
[04:04:12] [Server thread/INFO]: Arrow Despawn Rate: 1200
[04:04:12] [Server thread/INFO]: Allow Zombie Pigmen to spawn from portal blocks: true
[04:04:12] [Server thread/INFO]: Item Merge Radius: 2.5
[04:04:12] [Server thread/INFO]: Item Despawn Rate: 6000
[04:04:12] [Server thread/INFO]: Zombie Aggressive Towards Villager: true
[04:04:12] [Server thread/INFO]: Max Entity Collisions: 8
[04:04:12] [Server thread/INFO]: Custom Map Seeds:  Village: 10387312 Feature: 14357617
[04:04:12] [Server thread/INFO]: View Distance: 10
[04:04:12] [Server thread/INFO]: Experience Merge Radius: 3.0
[04:04:12] [Server thread/INFO]: Nerfing mobs spawned from spawners: false
[04:04:12] [Server thread/INFO]: Entity Activation Range: An 32 / Mo 32 / Mi 16
[04:04:12] [Server thread/INFO]: Cactus Growth Modifier: 100%
[04:04:12] [Server thread/INFO]: Cane Growth Modifier: 100%
[04:04:12] [Server thread/INFO]: Melon Growth Modifier: 100%
[04:04:12] [Server thread/INFO]: Mushroom Growth Modifier: 100%
[04:04:12] [Server thread/INFO]: Pumpkin Growth Modifier: 100%
[04:04:12] [Server thread/INFO]: Sapling Growth Modifier: 100%
[04:04:12] [Server thread/INFO]: Wheat Growth Modifier: 100%
[04:04:12] [Server thread/INFO]: NetherWart Growth Modifier: 100%
[04:04:12] [Server thread/INFO]: Entity Tracking Range: Pl 48 / An 48 / Mo 48 / Mi 32 / Other 64
[04:04:12] [Server thread/INFO]: Mob Spawn Range: 4
[04:04:12] [Server thread/INFO]: Max TNT Explosions: 100
[04:04:12] [Server thread/INFO]: Tile Max Tick Time: 50ms Entity max Tick Time: 50ms
[04:04:12] [Server thread/INFO]: Hopper Transfer: 8 Hopper Check: 8 Hopper Amount: 1
[04:04:12] [Server thread/INFO]: Random Lighting Updates: false
[04:04:12] [Server thread/INFO]: Structure Info Saving: true
[04:04:12] [Server thread/INFO]: -------- World Settings For [world_nether] --------
[04:04:12] [Server thread/INFO]: Arrow Despawn Rate: 1200
[04:04:12] [Server thread/INFO]: Allow Zombie Pigmen to spawn from portal blocks: true
[04:04:12] [Server thread/INFO]: Item Merge Radius: 2.5
[04:04:12] [Server thread/INFO]: Item Despawn Rate: 6000
[04:04:12] [Server thread/INFO]: Zombie Aggressive Towards Villager: true
[04:04:12] [Server thread/INFO]: Max Entity Collisions: 8
[04:04:12] [Server thread/INFO]: Custom Map Seeds:  Village: 10387312 Feature: 14357617
[04:04:12] [Server thread/INFO]: View Distance: 10
[04:04:12] [Server thread/INFO]: Experience Merge Radius: 3.0
[04:04:12] [Server thread/INFO]: Nerfing mobs spawned from spawners: false
[04:04:12] [Server thread/INFO]: Entity Activation Range: An 32 / Mo 32 / Mi 16
[04:04:12] [Server thread/INFO]: Cactus Growth Modifier: 100%
[04:04:12] [Server thread/INFO]: Cane Growth Modifier: 100%
[04:04:12] [Server thread/INFO]: Melon Growth Modifier: 100%
[04:04:12] [Server thread/INFO]: Mushroom Growth Modifier: 100%
[04:04:12] [Server thread/INFO]: Pumpkin Growth Modifier: 100%
[04:04:12] [Server thread/INFO]: Sapling Growth Modifier: 100%
[04:04:12] [Server thread/INFO]: Wheat Growth Modifier: 100%
[04:04:12] [Server thread/INFO]: NetherWart Growth Modifier: 100%
[04:04:12] [Server thread/INFO]: Entity Tracking Range: Pl 48 / An 48 / Mo 48 / Mi 32 / Other 64
[04:04:12] [Server thread/INFO]: Mob Spawn Range: 4
[04:04:12] [Server thread/INFO]: Max TNT Explosions: 100
[04:04:12] [Server thread/INFO]: Tile Max Tick Time: 50ms Entity max Tick Time: 50ms
[04:04:12] [Server thread/INFO]: Hopper Transfer: 8 Hopper Check: 8 Hopper Amount: 1
[04:04:12] [Server thread/INFO]: Random Lighting Updates: false
[04:04:12] [Server thread/INFO]: Structure Info Saving: true
[04:04:12] [Server thread/INFO]: -------- World Settings For [world_the_end] --------
[04:04:12] [Server thread/INFO]: Arrow Despawn Rate: 1200
[04:04:12] [Server thread/INFO]: Allow Zombie Pigmen to spawn from portal blocks: true
[04:04:12] [Server thread/INFO]: Item Merge Radius: 2.5
[04:04:12] [Server thread/INFO]: Item Despawn Rate: 6000
[04:04:12] [Server thread/INFO]: Zombie Aggressive Towards Villager: true
[04:04:12] [Server thread/INFO]: Max Entity Collisions: 8
[04:04:12] [Server thread/INFO]: Custom Map Seeds:  Village: 10387312 Feature: 14357617
[04:04:12] [Server thread/INFO]: View Distance: 10
[04:04:12] [Server thread/INFO]: Experience Merge Radius: 3.0
[04:04:12] [Server thread/INFO]: Nerfing mobs spawned from spawners: false
[04:04:12] [Server thread/INFO]: Entity Activation Range: An 32 / Mo 32 / Mi 16
[04:04:12] [Server thread/INFO]: Cactus Growth Modifier: 100%
[04:04:12] [Server thread/INFO]: Cane Growth Modifier: 100%
[04:04:12] [Server thread/INFO]: Melon Growth Modifier: 100%
[04:04:12] [Server thread/INFO]: Mushroom Growth Modifier: 100%
[04:04:12] [Server thread/INFO]: Pumpkin Growth Modifier: 100%
[04:04:12] [Server thread/INFO]: Sapling Growth Modifier: 100%
[04:04:12] [Server thread/INFO]: Wheat Growth Modifier: 100%
[04:04:12] [Server thread/INFO]: NetherWart Growth Modifier: 100%
[04:04:12] [Server thread/INFO]: Entity Tracking Range: Pl 48 / An 48 / Mo 48 / Mi 32 / Other 64
[04:04:12] [Server thread/INFO]: Mob Spawn Range: 4
[04:04:12] [Server thread/INFO]: Max TNT Explosions: 100
[04:04:12] [Server thread/INFO]: Tile Max Tick Time: 50ms Entity max Tick Time: 50ms
[04:04:12] [Server thread/INFO]: Hopper Transfer: 8 Hopper Check: 8 Hopper Amount: 1
[04:04:12] [Server thread/INFO]: Random Lighting Updates: false
[04:04:12] [Server thread/INFO]: Structure Info Saving: true
[04:04:12] [Server thread/INFO]: [AuthMe] Disabling AuthMe v5.2-BETA3-b1134
[04:04:12] [Server thread/INFO]: [AuthMe] AuthMe 5.2-BETA3-b1134 disabled!
[04:04:12] [AuthMe-DataSource#close/INFO]: [AuthMe] Waiting for 1 tasks to finish
[04:04:13] [Server thread/INFO]: [EssentialsSpawn] Disabling EssentialsSpawn v2.0.1-b427
[04:04:13] [Server thread/INFO]: [EssentialsChat] Disabling EssentialsChat v2.0.1-b427
[04:04:13] [Server thread/INFO]: [ChestCommands] Disabling ChestCommands v3.1.4
[04:04:13] [Server thread/INFO]: [Essentials] Disabling Essentials v2.0.1-b370
[04:04:13] [Server thread/INFO]: [Vault][Economy] Essentials Economy unhooked.
[04:04:13] [Server thread/INFO]: [Vault] Disabling Vault v1.5.6-b49
[04:04:13] [Server thread/INFO]: [Tablist] Disabling Tablist v1.3.0.2
[04:04:13] [Server thread/INFO]: Tablist> Tablist v1.3.0.2 disabled!!
[04:04:13] [Server thread/INFO]: [ItemJoin] Disabling ItemJoin v3.9.2
[04:04:13] [Server thread/INFO]: [0;37;22m[[0;33;1mItemJoin[0;37;22m] [0;31;1mDisabled![m
[04:04:13] [Server thread/INFO]: [ViaVersion] Disabling ViaVersion v1.0.4
[04:04:13] [Server thread/INFO]: [ViaVersion] ViaVersion is disabling, if this is a reload and you experience issues consider rebooting.
[04:04:13] [Server thread/INFO]: [CreeperHeal] Disabling CreeperHeal v7.0.2
[04:04:13] [Server thread/INFO]: [PermissionsEx] Disabling PermissionsEx v1.23.4
[04:04:13] [Server thread/INFO]: WEPIF: PermissionsEx detected! Using PermissionsEx for permissions.
[04:04:13] [Server thread/INFO]: [SkinsRestorer] Disabling SkinsRestorer v12.9.7
[04:04:13] [Server thread/INFO]: [BungeePortals] Disabling BungeePortals v1.2
[04:04:13] [Server thread/INFO]: [BungeePortals] Portal data saved! (24ms)
[04:04:13] [Server thread/INFO]: [BungeePortals] Version 1.2 has been disabled. (24ms)
[04:04:13] [Server thread/INFO]: [NoCheatPlus] Disabling NoCheatPlus v3.13.7-RC-sMD5NET-b925
[04:04:13] [Server thread/INFO]: [NoCheatPlus] Removed hook: AllViolations(NCP) [1.0].
[04:04:14] [Server thread/INFO]: Version 3.13.7-RC-sMD5NET-b925 is disabled.
[04:04:14] [Server thread/INFO]: [AutoSaveWorld] Disabling AutoSaveWorld v4.14.2
[04:04:14] [Server thread/INFO]: [[0;33;22mMinelg.com - Data[0;37;1m] [0;34;1mÐang lýu d? li?u[m
[04:04:14] [Server thread/INFO]: [[0;33;22mMinelg.com - Data[0;37;1m] [0;34;1mLýu d? li?u thành công[m
[04:04:17] [AuthMe-DataSource#close/INFO]: [AuthMe] Async task 50 times out after to many tries
[04:04:17] [AuthMe-DataSource#close/INFO]: [AuthMe] Progress: 1 / 1
[04:04:17] [AuthMe-DataSource#close/WARN]: [AuthMe-DataSource#close] INFO fr.xephi.authme.libs.hikari.pool.HikariPool - AuthMeMYSQLPool - Close initiated...
[04:04:17] [Server thread/INFO]: [WorldGuard] Disabling WorldGuard v6.1.2;e38d98d
[04:04:17] [Server thread/INFO]: [WorldGuard] Shutting down executor and waiting for any pending tasks...
[04:04:17] [AuthMe-DataSource#close/WARN]: [AuthMe-DataSource#close] INFO fr.xephi.authme.libs.hikari.pool.HikariPool - AuthMeMYSQLPool - Closed.
[04:04:18] [Server thread/INFO]: [HolographicDisplays] Disabling HolographicDisplays v2.2.1
[04:04:18] [Server thread/INFO]: [NametagEdit] Disabling NametagEdit v4.1.2
[04:04:18] [Server thread/INFO]: [CommandLog] Disabling CommandLog v1.2
[04:04:18] [Server thread/INFO]: [BetterChairs] Disabling BetterChairs v0.8.3
[04:04:18] [Server thread/INFO]: [PlugMan] Disabling PlugMan v2.1.1
[04:04:18] [Server thread/INFO]: [ClearLag] Disabling ClearLag v2.9.3
[04:04:18] [Server thread/INFO]: [ClearLag] Clearlag is now disabled!
[04:04:18] [Server thread/INFO]: [AntiCreeper] Disabling AntiCreeper v4.19
[04:04:18] [Server thread/INFO]: [Questioner] Disabling Questioner v0.6
[04:04:18] [Server thread/INFO]: [Questioner] v0.6 - Disabled
[04:04:18] [Server thread/INFO]: [WorldEdit] Disabling WorldEdit v6.1.3;7a097ca
[04:04:19] [Server thread/INFO]: [INFO][NoCheatPlus] Wed Mar 15 04:04:19 ICT 2017
[04:04:19] [Server thread/INFO]: Player instances are stored for efficiency.
[04:04:19] [Server thread/INFO]: [WorldEdit] Loading WorldEdit v6.1.3;7a097ca
[04:04:19] [Server thread/INFO]: [Questioner] Loading Questioner v0.6
[04:04:19] [Server thread/INFO]: [AntiCreeper] Loading AntiCreeper v4.19
[04:04:19] [Server thread/INFO]: [ClearLag] Loading ClearLag v2.9.3
[04:04:19] [Server thread/INFO]: [PlugMan] Loading PlugMan v2.1.1
[04:04:19] [Server thread/INFO]: [BetterChairs] Loading BetterChairs v0.8.3
[04:04:19] [Server thread/INFO]: [CommandLog] Loading CommandLog v1.2
[04:04:19] [Server thread/INFO]: [NametagEdit] Loading NametagEdit v4.1.2
[04:04:19] [Server thread/INFO]: [HolographicDisplays] Loading HolographicDisplays v2.2.1
[04:04:19] [Server thread/INFO]: [WorldGuard] Loading WorldGuard v6.1.2;e38d98d
[04:04:19] [Server thread/INFO]: [AutoSaveWorld] Loading AutoSaveWorld v4.14.2
[04:04:19] [Server thread/INFO]: [NoCheatPlus] Loading NoCheatPlus v3.13.7-RC-sMD5NET-b925
[04:04:19] [Server thread/INFO]: onLoad: Early set up of static API, configuration, logging.
[04:04:20] [Server thread/INFO]: [NoCheatPlus] Logging system initialized.
[04:04:20] [Server thread/INFO]: [NoCheatPlus] Detected Minecraft version: 1.10
[04:04:20] [Server thread/INFO]: [BungeePortals] Loading BungeePortals v1.2
[04:04:20] [Server thread/INFO]: [SkinsRestorer] Loading SkinsRestorer v12.9.7
[04:04:20] [Server thread/INFO]: [PermissionsEx] Loading PermissionsEx v1.23.4
[04:04:20] [Server thread/WARN]: [PermissionsEx] This server is in offline mode. Unless this server is configured to integrate with a supported proxy (see http://dft.ba/-8ous), UUIDs *may not be stable*!
[04:04:20] [Server thread/INFO]: [CreeperHeal] Loading CreeperHeal v7.0.2
[04:04:20] [Server thread/INFO]: [ViaVersion] Loading ViaVersion v1.0.4
[04:04:20] [Server thread/INFO]: [ViaVersion] ViaVersion 1.0.4 is now loaded, injecting!
[04:04:20] [Server thread/ERROR]: [ViaVersion] ViaVersion is already loaded, this should work fine. If you get any console errors, try rebooting.
[04:04:20] [Server thread/INFO]: [ItemJoin] Loading ItemJoin v3.9.2
[04:04:20] [Server thread/INFO]: [Tablist] Loading Tablist v1.3.0.2
[04:04:20] [Server thread/INFO]: [Vault] Loading Vault v1.5.6-b49
[04:04:20] [Server thread/INFO]: [Essentials] Loading Essentials v2.0.1-b370
[04:04:20] [Server thread/INFO]: [ChestCommands] Loading ChestCommands v3.1.4
[04:04:20] [Server thread/INFO]: [EssentialsChat] Loading EssentialsChat v2.0.1-b427
[04:04:20] [Server thread/INFO]: [EssentialsSpawn] Loading EssentialsSpawn v2.0.1-b427
[04:04:20] [Server thread/INFO]: [AuthMe] Loading AuthMe v5.2-BETA3-b1134
[04:04:20] [Server thread/INFO]: [AutoSaveWorld] Enabling AutoSaveWorld v4.14.2
[04:04:20] [Server thread/INFO]: [Vault] Enabling Vault v1.5.6-b49
[04:04:20] [Server thread/INFO]: [Vault] [Economy] Essentials Economy found: Waiting
[04:04:20] [Server thread/INFO]: [Vault] [Permission] PermissionsEx found: Waiting
[04:04:20] [Server thread/INFO]: [Vault] [Permission] SuperPermissions loaded as backup permission system.
[04:04:20] [Server thread/INFO]: [Vault] [Chat] PermissionsEx found: Waiting
[04:04:21] [Server thread/INFO]: [Vault] Enabled Version 1.5.6-b49
[04:04:21] [Server thread/INFO]: [WorldEdit] Enabling WorldEdit v6.1.3;7a097ca
[04:04:22] [Server thread/INFO]: WEPIF: Using the Bukkit Permissions API.
[04:04:22] [Server thread/INFO]: [WorldEdit] Using com.sk89q.worldedit.bukkit.adapter.impl.Spigot_v1_10_R1 as the Bukkit adapter
[04:04:22] [Server thread/INFO]: [Questioner] Enabling Questioner v0.6
[04:04:22] [Server thread/INFO]: [Questioner] v0.6 - Enabled
[04:04:22] [Server thread/INFO]: [AntiCreeper] Enabling AntiCreeper v4.19
[04:04:22] [Server thread/INFO]: [AntiCreeper] brought to you by Filbert66
[04:04:22] [Server thread/INFO]: [ClearLag] Enabling ClearLag v2.9.3
[04:04:22] [Server thread/INFO]: [ClearLag] Loading modules...
[04:04:22] [Server thread/INFO]: [ClearLag] Modules enabed, loading config values
[04:04:22] [Server thread/INFO]: [ClearLag] Modules have been loaded!
[04:04:22] [Server thread/INFO]: [ClearLag] Clearlag is now enabled!
[04:04:22] [Server thread/INFO]: [PlugMan] Enabling PlugMan v2.1.1
[04:04:22] [Thread-32/INFO]: [ClearLag] Checking for updates compatible with your bukkit version [1.10]...
[04:04:23] [Server thread/INFO]: [BetterChairs] Enabling BetterChairs v0.8.3
[04:04:23] [Server thread/INFO]: [BetterChairs] Your server is running version v1_10_R1
[04:04:23] [Server thread/INFO]: [BetterChairs] NMS hooked !
[04:04:23] [Server thread/INFO]: [CommandLog] Enabling CommandLog v1.2
[04:04:23] [Server thread/INFO]: There are 5 commands in the ignore list
[04:04:23] [Server thread/INFO]: [NametagEdit] Enabling NametagEdit v4.1.2
[04:04:23] [Server thread/INFO]: [NametagEdit] Found PermissionsEx! Hooking in.
[04:04:23] [Server thread/INFO]: [HolographicDisplays] Enabling HolographicDisplays v2.2.1
[04:04:23] [Server thread/INFO]: [0;31;1m[HolographicDisplays] Please do not use /reload or plugin reloaders. Use the command "/holograms reload" instead. You will receive no support for doing this operation.[m
[04:04:23] [Server thread/INFO]: [WorldGuard] Enabling WorldGuard v6.1.2;e38d98d
[04:04:23] [Server thread/INFO]: [WorldGuard] (world) TNT ignition is PERMITTED.
[04:04:23] [Server thread/INFO]: [WorldGuard] (world) Lighters are PERMITTED.
[04:04:23] [Server thread/INFO]: [WorldGuard] (world) Lava fire is blocked.
[04:04:23] [Server thread/INFO]: [WorldGuard] (world) Fire spread is UNRESTRICTED.
[04:04:23] [Server thread/INFO]: [WorldGuard] Loaded configuration for world 'world'
[04:04:23] [Server thread/INFO]: [WorldGuard] (world_nether) TNT ignition is PERMITTED.
[04:04:23] [Server thread/INFO]: [WorldGuard] (world_nether) Lighters are PERMITTED.
[04:04:23] [Server thread/INFO]: [WorldGuard] (world_nether) Lava fire is blocked.
[04:04:23] [Server thread/INFO]: [WorldGuard] (world_nether) Fire spread is UNRESTRICTED.
[04:04:23] [Server thread/INFO]: [WorldGuard] Loaded configuration for world 'world_nether'
[04:04:23] [Server thread/INFO]: [WorldGuard] (world_the_end) TNT ignition is PERMITTED.
[04:04:23] [Server thread/INFO]: [WorldGuard] (world_the_end) Lighters are PERMITTED.
[04:04:23] [Server thread/INFO]: [WorldGuard] (world_the_end) Lava fire is blocked.
[04:04:23] [Server thread/INFO]: [WorldGuard] (world_the_end) Fire spread is UNRESTRICTED.
[04:04:24] [Server thread/INFO]: [WorldGuard] Loaded configuration for world 'world_the_end'
[04:04:24] [Server thread/INFO]: [WorldGuard] Loading region data...
[04:04:24] [Thread-32/INFO]: [ClearLag] No updates found!
[04:04:24] [Server thread/INFO]: [NoCheatPlus] Enabling NoCheatPlus v3.13.7-RC-sMD5NET-b925
[04:04:24] [Server thread/WARN]: [NoCheatPlus] Running in Bukkit-API-only mode (git-Spigot-c3e4052-1953f52 (MC: 1.10)). If this is not intended, please check for updates and consider to request support.
[04:04:24] [Server thread/WARN]: [NoCheatPlus]  Check for updates and support at BukkitDev: http://dev.bukkit.org/server-mods/nocheatplus/
[04:04:24] [Server thread/WARN]: [NoCheatPlus]  Development builds (unsupported by the Bukkit Staff, use at your own risk): http://ci.md-5.net/job/NoCheatPlus/changes
[04:04:24] [Server thread/WARN]: [NoCheatPlus] Bukkit-API-only mode: Some features will likely not function properly, performance might suffer.
[04:04:24] [Server thread/INFO]: [NoCheatPlus] McAccess set to: 1.4.6|1.4.7|1.5.x|1.6.x|1.7.x|1.8.x|? / Bukkit-API
[04:04:24] [Server thread/INFO]: [NoCheatPlus] Added block-info for Minecraft 1.5 blocks.
[04:04:24] [Server thread/INFO]: [NoCheatPlus] Added block-info for Minecraft 1.6.1 blocks.
[04:04:24] [Server thread/INFO]: [NoCheatPlus] Added block-info for Minecraft 1.7.2 blocks.
[04:04:24] [Server thread/INFO]: [NoCheatPlus] Added block-info for Minecraft 1.8 blocks.
[04:04:24] [Server thread/INFO]: [NoCheatPlus] Inventory checks: FastConsume is available, disabled InstantEat.
[04:04:24] [Server thread/INFO]: [NoCheatPlus] Packet level access: ProtocolLib is not available.
[04:04:24] [Server thread/INFO]: [NoCheatPlus] Version 3.13.7-RC-sMD5NET-b925 is enabled.
[04:04:25] [Server thread/INFO]: [BungeePortals] Enabling BungeePortals v1.2
[04:04:25] [Server thread/INFO]: [BungeePortals] Metrics initiated!
[04:04:25] [Server thread/INFO]: [BungeePortals] Commands registered!
[04:04:25] [Server thread/INFO]: [BungeePortals] Events registered!
[04:04:25] [Server thread/INFO]: [BungeePortals] Plugin channel registered!
[04:04:25] [Server thread/INFO]: [BungeePortals] Configuration file config.yml loaded!
[04:04:25] [Server thread/INFO]: [BungeePortals] Configuration file portals.yml loaded!
[04:04:25] [Server thread/INFO]: [BungeePortals] Portal data loaded! (1ms)
[04:04:25] [Server thread/INFO]: [BungeePortals] Save task started!
[04:04:25] [Server thread/INFO]: [BungeePortals] Version 1.2 has been enabled. (39ms)
[04:04:25] [Server thread/INFO]: [SkinsRestorer] Enabling SkinsRestorer v12.9.7
[04:04:25] [Server thread/INFO]: [0;32;1mDetected Minecraft [0;33;1mv1_10_R1[0;32;1m, using [0;33;1mUniversalSkinFactory[m
[04:04:25] [Server thread/INFO]: [PermissionsEx] Enabling PermissionsEx v1.23.4
[04:04:25] [Server thread/INFO]: [PermissionsEx] Initializing file backend
[04:04:25] [Server thread/INFO]: [PermissionsEx] Permissions file successfully reloaded
[04:04:25] [Server thread/INFO]: WEPIF: PermissionsEx detected! Using PermissionsEx for permissions.
[04:04:25] [Server thread/INFO]: [Vault][Permission] PermissionsEx hooked.
[04:04:25] [Server thread/INFO]: [Vault][Chat] PermissionsEx_Chat hooked.
[04:04:25] [Server thread/INFO]: [CreeperHeal] Enabling CreeperHeal v7.0.2
[04:04:25] [Server thread/INFO]: debug: false
[04:04:25] [Server thread/INFO]: [ViaVersion] Enabling ViaVersion v1.0.4
[04:04:25] [Server thread/INFO]: [ItemJoin] Enabling ItemJoin v3.9.2
[04:04:26] [Server thread/INFO]: [0;37;22m[[0;33;1mItemJoin[0;37;22m] [0;32;1mCached [0;33;1mworld[m
[04:04:26] [Server thread/INFO]: [0;37;22m[[0;33;1mItemJoin[0;37;22m] [0;32;1mCached [0;33;1mworld_nether[m
[04:04:26] [Server thread/INFO]: [0;37;22m[[0;33;1mItemJoin[0;37;22m] [0;32;1mChecking for updates...[m
[04:04:26] [Server thread/WARN]: [AutoSaveWorld] Plugin ItemJoin attempted to establish connection http://www.spigotmc.org/api/general.php in main server thread
[04:04:26] [Server thread/WARN]: [AutoSaveWorld] Plugin ItemJoin attempted to establish connection socket://www.spigotmc.org:80 in main server thread
[04:04:26] [Server thread/INFO]: [0;37;22m[[0;33;1mItemJoin[0;37;22m] [0;32;1mYou are up to date![m
[04:04:26] [Server thread/INFO]: [0;37;22m[[0;33;1mItemJoin[0;37;22m] [0;32;1mhas been Enabled![m
[04:04:26] [Server thread/INFO]: [Tablist] Enabling Tablist v1.3.0.2
[04:04:26] [Server thread/INFO]: Tablist> Tablist v1.3.0.2 enabled!!
[04:04:26] [Server thread/INFO]: [Essentials] Enabling Essentials v2.0.1-b370
[04:04:26] [Server thread/WARN]: [Essentials] §4Version mismatch! Please update EssentialsChat to the same version.
[04:04:26] [Server thread/WARN]: [Essentials] §4Version mismatch! Please update EssentialsSpawn to the same version.
[04:04:26] [Server thread/INFO]: Using locale vn
[04:04:27] [Server thread/INFO]: [Essentials] Using 1.8.3+ BlockStateMeta provider as mob spawner provider.
[04:04:27] [Server thread/INFO]: [Essentials] Using Reflection based provider as spawn egg provider.
[04:04:27] [Server thread/INFO]: [Essentials] Using 1.9+ BasePotionData provider as potion meta provider.
[04:04:27] [Server thread/INFO]: Using locale vn
[04:04:27] [Server thread/INFO]: [Essentials] Starting Metrics. Opt-out using the global PluginMetrics config.
[04:04:27] [Server thread/INFO]: [Vault][Economy] Essentials Economy hooked.
[04:04:27] [Server thread/INFO]: [ChestCommands] Enabling ChestCommands v3.1.4
[04:04:27] [Server thread/INFO]: [EssentialsChat] Enabling EssentialsChat v2.0.1-b427
[04:04:27] [Server thread/WARN]: §4Version mismatch! Please update all Essentials jars to the same version.
[04:04:27] [Server thread/INFO]: [EssentialsSpawn] Enabling EssentialsSpawn v2.0.1-b427
[04:04:27] [Server thread/WARN]: §4Version mismatch! Please update all Essentials jars to the same version.
[04:04:27] [Server thread/INFO]: [AuthMe] Enabling AuthMe v5.2-BETA3-b1134
[04:04:28] [Server thread/INFO]: [AuthMe] Connection arguments loaded, Hikari ConnectionPool ready!
[04:04:28] [Server thread/WARN]: [Server thread] INFO fr.xephi.authme.libs.hikari.HikariDataSource - AuthMeMYSQLPool - Started.
[04:04:28] [Server thread/WARN]: [AutoSaveWorld] Plugin AuthMe attempted to establish connection socket://127.0.0.1:3306 in main server thread
[04:04:29] [Server thread/INFO]: [AuthMe] MySQL setup finished
[04:04:29] [Server thread/INFO]: [AuthMe] Unhooked from Permissions!
[04:04:29] [Server thread/INFO]: [AuthMe] Hooked into PermissionsEx!
[04:04:29] [Server thread/INFO]: [AuthMe] Hooked successfully into Essentials
[04:04:30] [Server thread/INFO]: [AuthMe] [LICENSE] This product uses data from the GeoLite API created by MaxMind, available at http://www.maxmind.com
[04:04:30] [Server thread/INFO]: [AuthMe] Development builds are available on our jenkins, thanks to f14stelt.
[04:04:30] [Server thread/INFO]: [AuthMe] Do you want a good game server? Look at our sponsor GameHosting.it leader in Italy as Game Server Provider!
[04:04:30] [Server thread/INFO]: [AuthMe] AuthMe 5.2-BETA3-b1134 correctly enabled!
[04:04:30] [Server thread/INFO]: Server permissions file permissions.yml is empty, ignoring it
[04:04:30] [Server thread/INFO]: CONSOLE: [0;32;1mReload complete.[m
[04:04:30] [Server thread/INFO]: [ViaVersion] ViaVersion detected server version: 1.10(210)
[04:04:30] [Craft Scheduler Thread - 70/INFO]: [NoCheatPlus] Added hook: AllViolations(NCP) [1.0].
[04:04:31] [Server thread/WARN]: [NoCheatPlus] The block breaking data is incomplete, default to allow instant breaking:
--- Missing entries -------------------------------
* MISSING 198(END_ROD / IGN_PASSABLE) 
* MISSING 199(CHORUS_PLANT / IGN_PASSABLE) 
* MISSING 200(CHORUS_FLOWER / IGN_PASSABLE) 
* MISSING 201(PURPUR_BLOCK / SOLID+GROUND) 
* MISSING 202(PURPUR_PILLAR / SOLID+GROUND) 
* MISSING 203(PURPUR_STAIRS / SOLID+IGN_PASSABLE+GROUND+GROUND_HEIGHT) 
* MISSING 204(PURPUR_DOUBLE_SLAB / SOLID+GROUND) 
* MISSING 205(PURPUR_SLAB / SOLID+IGN_PASSABLE+GROUND+GROUND_HEIGHT) 
* MISSING 206(END_BRICKS / SOLID+GROUND) 
* MISSING 207(BEETROOT_BLOCK / IGN_PASSABLE) 
* MISSING 208(GRASS_PATH / SOLID+IGN_PASSABLE+GROUND+GROUND_HEIGHT) 
* MISSING 209(END_GATEWAY / IGN_PASSABLE) 
* MISSING 210(COMMAND_REPEATING / SOLID+GROUND) 
* MISSING 211(COMMAND_CHAIN / SOLID+GROUND) 
* MISSING 212(FROSTED_ICE / SOLID+IGN_PASSABLE+GROUND+GROUND_HEIGHT) 
* MISSING 213(MAGMA / SOLID+GROUND) 
* MISSING 214(NETHER_WART_BLOCK / SOLID+GROUND) 
* MISSING 215(RED_NETHER_BRICK / SOLID+GROUND) 
* MISSING 216(BONE_BLOCK / SOLID+GROUND) 
* MISSING 217(STRUCTURE_VOID / IGN_PASSABLE) 
* MISSING 255(STRUCTURE_BLOCK / SOLID+GROUND) 
[04:04:31] [Server thread/INFO]: [HolographicDisplays] Found a new version available: v2.2.5
[04:04:31] [Server thread/INFO]: [HolographicDisplays] Download it on Bukkit Dev:
[04:04:31] [Server thread/INFO]: [HolographicDisplays] dev.bukkit.org/bukkit-plugins/holographic-displays
[04:04:31] [Server thread/INFO]: [PlugMan] Metrics started: http://mcstats.org/plugin/PlugMan
[04:04:31] [Server thread/INFO]: [NoCheatPlus] Post-enable running...
[04:04:31] [Server thread/INFO]: [NoCheatPlus] Post-enable finished.
[04:04:31] [Craft Scheduler Thread - 79/INFO]: [Vault] Checking for Updates ... 
[04:04:31] [Craft Scheduler Thread - 74/INFO]: [m
[04:04:31] [Craft Scheduler Thread - 74/INFO]: [0;32;1m    +===============+[m
[04:04:31] [Craft Scheduler Thread - 74/INFO]: [0;32;1m    | SkinsRestorer |[m
[04:04:31] [Craft Scheduler Thread - 74/INFO]: [0;32;1m    +===============+[m
[04:04:31] [Craft Scheduler Thread - 74/INFO]: [m
[04:04:31] [Craft Scheduler Thread - 74/INFO]: [0;36;1m    Current version: [0;31;1m12.9.7[m
[04:04:31] [Craft Scheduler Thread - 74/INFO]: [0;32;1m    The latest version![m
[04:04:31] [Craft Scheduler Thread - 74/INFO]: [m
[04:04:31] [Craft Scheduler Thread - 79/INFO]: [Vault] No new version available
[04:04:32] [Craft Scheduler Thread - 70/INFO]: [PlugMan] No update was found.
[04:07:19] [Server thread/INFO]: Stopping the server
[04:07:19] [Server thread/INFO]: Stopping server
[04:07:19] [Server thread/INFO]: [AuthMe] Disabling AuthMe v5.2-BETA3-b1134
[04:07:19] [Server thread/INFO]: [AuthMe] AuthMe 5.2-BETA3-b1134 disabled!
[04:07:19] [AuthMe-DataSource#close/INFO]: [AuthMe] Waiting for 1 tasks to finish
[04:07:19] [Server thread/INFO]: [EssentialsSpawn] Disabling EssentialsSpawn v2.0.1-b427
[04:07:19] [Server thread/INFO]: [EssentialsChat] Disabling EssentialsChat v2.0.1-b427
[04:07:19] [Server thread/INFO]: [ChestCommands] Disabling ChestCommands v3.1.4
[04:07:19] [Server thread/INFO]: [Essentials] Disabling Essentials v2.0.1-b370
[04:07:19] [Server thread/INFO]: [Vault][Economy] Essentials Economy unhooked.
[04:07:19] [Server thread/INFO]: [Vault] Disabling Vault v1.5.6-b49
[04:07:19] [Server thread/INFO]: [Tablist] Disabling Tablist v1.3.0.2
[04:07:19] [Server thread/INFO]: Tablist> Tablist v1.3.0.2 disabled!!
[04:07:19] [Server thread/INFO]: [ItemJoin] Disabling ItemJoin v3.9.2
[04:07:19] [Server thread/INFO]: [0;37;22m[[0;33;1mItemJoin[0;37;22m] [0;31;1mDisabled![m
[04:07:19] [Server thread/INFO]: [ViaVersion] Disabling ViaVersion v1.0.4
[04:07:19] [Server thread/INFO]: [ViaVersion] ViaVersion is disabling, if this is a reload and you experience issues consider rebooting.
[04:07:19] [Server thread/INFO]: [CreeperHeal] Disabling CreeperHeal v7.0.2
[04:07:19] [Server thread/INFO]: [PermissionsEx] Disabling PermissionsEx v1.23.4
[04:07:19] [Server thread/INFO]: WEPIF: PermissionsEx detected! Using PermissionsEx for permissions.
[04:07:20] [Server thread/INFO]: [SkinsRestorer] Disabling SkinsRestorer v12.9.7
[04:07:20] [Server thread/INFO]: [BungeePortals] Disabling BungeePortals v1.2
[04:07:20] [Server thread/INFO]: [BungeePortals] Portal data saved! (7ms)
[04:07:20] [Server thread/INFO]: [BungeePortals] Version 1.2 has been disabled. (7ms)
[04:07:20] [Server thread/INFO]: [NoCheatPlus] Disabling NoCheatPlus v3.13.7-RC-sMD5NET-b925
[04:07:20] [Server thread/INFO]: [NoCheatPlus] Removed hook: AllViolations(NCP) [1.0].
[04:07:20] [Server thread/INFO]: Version 3.13.7-RC-sMD5NET-b925 is disabled.
[04:07:20] [Server thread/INFO]: [AutoSaveWorld] Disabling AutoSaveWorld v4.14.2
[04:07:20] [Server thread/INFO]: [[0;33;22mMinelg.com - Data[0;37;1m] [0;34;1mÐang lýu d? li?u[m
[04:07:20] [Server thread/INFO]: [[0;33;22mMinelg.com - Data[0;37;1m] [0;34;1mLýu d? li?u thành công[m
[04:07:23] [Server thread/INFO]: [WorldGuard] Disabling WorldGuard v6.1.2;e38d98d
[04:07:23] [Server thread/INFO]: [WorldGuard] Shutting down executor and waiting for any pending tasks...
[04:07:23] [Server thread/INFO]: [HolographicDisplays] Disabling HolographicDisplays v2.2.1
[04:07:23] [Server thread/INFO]: [NametagEdit] Disabling NametagEdit v4.1.2
[04:07:23] [Server thread/INFO]: [CommandLog] Disabling CommandLog v1.2
[04:07:23] [Server thread/INFO]: [BetterChairs] Disabling BetterChairs v0.8.3
[04:07:23] [Server thread/INFO]: [PlugMan] Disabling PlugMan v2.1.1
[04:07:23] [Server thread/INFO]: [ClearLag] Disabling ClearLag v2.9.3
[04:07:23] [Server thread/INFO]: [ClearLag] Clearlag is now disabled!
[04:07:23] [Server thread/INFO]: [AntiCreeper] Disabling AntiCreeper v4.19
[04:07:23] [Server thread/INFO]: [Questioner] Disabling Questioner v0.6
[04:07:23] [Server thread/INFO]: [Questioner] v0.6 - Disabled
[04:07:23] [Server thread/INFO]: [WorldEdit] Disabling WorldEdit v6.1.3;7a097ca
[04:07:23] [Server thread/INFO]: Saving players
[04:07:23] [Server thread/INFO]: Saving worlds
[04:07:23] [Server thread/INFO]: Saving chunks for level 'world'/Overworld
[04:07:23] [Server thread/INFO]: Saving chunks for level 'world_nether'/Nether
[04:07:23] [Server thread/INFO]: Saving chunks for level 'world_the_end'/The End
