24.02.2017 - 16:58:37 - PixelVip Log: EnableVip | wolf | Vang | Expires on: 06/03/2017 16:58
24.02.2017 - 16:59:15 - PixelVip Log: EnableVip | wolf | Vang | Expires on: 16/03/2017 16:58
24.02.2017 - 17:00:14 - PixelVip Log: EnableVip | wolf | Vang | Expires on: 26/03/2017 16:58
24.02.2017 - 17:01:06 - PixelVip Log: EnableVip | wolf | Vang | Expires on: 05/04/2017 16:58
24.02.2017 - 17:01:29 - PixelVip Log: EnableVip | wolf | Vang | Expires on: 15/04/2017 16:58
24.02.2017 - 17:01:42 - PixelVip Log: EnableVip | wolf | Vang | Expires on: 25/04/2017 16:58
24.02.2017 - 17:03:41 - PixelVip Log: EnableVip | wolf | Vang | Expires on: 05/05/2017 16:58
24.02.2017 - 17:04:55 - PixelVip Log: EnableVip | wolf | Vang | Expires on: 15/05/2017 16:58
24.02.2017 - 17:08:27 - PixelVip Log: EnableVip | wolf | Vang | Expires on: 25/05/2017 16:58
24.02.2017 - 17:08:49 - PixelVip Log: EnableVip | wolf | Vang | Expires on: 04/06/2017 16:58
24.02.2017 - 17:09:16 - PixelVip Log: EnableVip | wolf | Vang | Expires on: 14/06/2017 16:58
24.02.2017 - 17:12:10 - PixelVip Log: EnableVip | fybit | Vang | Expires on: 06/03/2017 17:12
24.02.2017 - 17:13:18 - PixelVip Log: EnableVip | wolf | Vang | Expires on: 24/06/2017 16:58
24.02.2017 - 17:14:51 - PixelVip Log: EnableVip | fybit | Vang | Expires on: 16/03/2017 17:12
24.02.2017 - 17:15:17 - PixelVip Log: EnableVip | fybit | Vang | Expires on: 26/03/2017 17:12
24.02.2017 - 17:15:54 - PixelVip Log: EnableVip | fybit | Vang | Expires on: 05/04/2017 17:12
24.02.2017 - 17:17:29 - PixelVip Log: EnableVip | fybit | Vang | Expires on: 15/04/2017 17:12
24.02.2017 - 17:18:02 - PixelVip Log: EnableVip | wolf | Vang | Expires on: 04/07/2017 16:58
24.02.2017 - 17:18:55 - PixelVip Log: EnableVip | fybit | Vang | Expires on: 25/04/2017 17:12
24.02.2017 - 17:20:25 - PixelVip Log: EnableVip | wolf | Vang | Expires on: 14/07/2017 16:58
24.02.2017 - 17:23:41 - PixelVip Log: EnableVip | wolf | Vang | Expires on: 24/07/2017 16:58
24.02.2017 - 17:23:46 - PixelVip Log: EnableVip | wolf | Vang | Expires on: 03/08/2017 16:58
24.02.2017 - 17:23:53 - PixelVip Log: EnableVip | wolf | Vang | Expires on: 13/08/2017 16:58
24.02.2017 - 17:28:22 - PixelVip Log: EnableVip | fybit | Vang | Expires on: 26/04/2017 17:12
24.02.2017 - 18:10:48 - PixelVip Log: EnableVip | fybit | Vang | Expires on: 06/05/2017 17:12
24.02.2017 - 20:57:43 - PixelVip Log: EnableVip | fybit | Legend | Expires on: 26/03/2017 20:57
24.02.2017 - 21:15:24 - PixelVip Log: RemoveVip | fybit | Legend
24.02.2017 - 21:16:20 - PixelVip Log: EnableVip | fybit | Legend | Expires on: 21/11/2019 21:16
24.02.2017 - 21:18:40 - PixelVip Log: EnableVip | fybit | Legend | Expires on: 17/08/2022 21:16
24.02.2017 - 21:19:16 - PixelVip Log: EnableVip | fybit | Legend | Expires on: 13/05/2025 21:16
24.02.2017 - 21:20:07 - PixelVip Log: EnableVip | fybit | Legend | Expires on: 07/02/2028 21:16
24.02.2017 - 21:24:59 - PixelVip Log: EnableVip | fybit | TheKing | Expires on: 04/06/2017 21:24
24.02.2017 - 21:30:36 - PixelVip Log: EnableVip | fybit | Legend | Expires on: 21/12/1980 06:51
24.02.2017 - 21:34:39 - PixelVip Log: EnableVip | fybit | TheKing | Expires on: 20/07/1970 06:54
24.02.2017 - 21:36:09 - PixelVip Log: EnableVip | fybit | TheKing | Expires on: 21/12/2017 21:29
24.02.2017 - 21:37:19 - PixelVip Log: EnableVip | wolf | TheKing | Expires on: 06/03/2017 21:37
24.02.2017 - 21:39:26 - PixelVip Log: EnableVip | wolf | Legend | Expires on: 26/03/2017 21:39
24.02.2017 - 21:41:14 - PixelVip Log: EnableVip | wolf | TheKing | Expires on: 21/01/1970 06:57
24.02.2017 - 21:42:04 - PixelVip Log: EnableVip | fybit | Legend | Expires on: 20/01/1981 06:47
24.02.2017 - 21:50:49 - PixelVip Log: EnableVip | fybit | Legend | Expires on: 14/04/2028 21:29
24.02.2017 - 21:58:18 - PixelVip Log: EnableVip | fybit | Legend | Expires on: 14/05/2028 21:29
24.02.2017 - 21:59:03 - PixelVip Log: EnableVip | fybit | Legend | Expires on: 21/05/2028 21:29
24.02.2017 - 22:17:18 - PixelVip Log: EnableVip | fybit | TheKing | Expires on: 27/11/1970 06:46
24.02.2017 - 22:17:51 - PixelVip Log: EnableVip | fybit | TheKing | Expires on: 27/01/2018 22:04
24.02.2017 - 22:24:11 - PixelVip Log: EnableVip | fybit | TheKing | Expires on: 26/02/2018 22:04
24.02.2017 - 22:24:44 - PixelVip Log: EnableVip | fybit | TheKing | Expires on: 05/03/2018 22:04
24.02.2017 - 22:42:58 - PixelVip Log: EnableVip | fybit | Legend | Expires on: 27/04/1981 06:12
24.02.2017 - 22:52:26 - PixelVip Log: EnableVip | fybit | Vip | Expires on: 26/03/2017 22:52
24.02.2017 - 22:54:32 - PixelVip Log: EnableVip | fybit | Vip | Expires on: 26/03/2017 22:54
24.02.2017 - 23:11:07 - PixelVip Log: EnableVip | fybit | TheKing | Expires on: 26/03/2017 23:11
24.02.2017 - 23:16:36 - PixelVip Log: EnableVip | fybit | Vip | Expires on: 26/03/2017 23:16
24.02.2017 - 23:17:54 - PixelVip Log: EnableVip | fybit | Legend | Expires on: 03/03/2017 23:17
24.02.2017 - 23:21:56 - PixelVip Log: EnableVip | fybit | TheKing | Expires on: 03/03/2017 23:21
24.02.2017 - 23:24:00 - PixelVip Log: EnableVip | fybit | TheKing | Expires on: 02/04/2017 23:21
24.02.2017 - 23:33:41 - PixelVip Log: EnableVip | fybit | TheKing | Expires on: 03/03/2017 23:33
24.02.2017 - 23:46:12 - PixelVip Log: EnableVip | fybit | Vip | Expires on: 03/03/2017 23:46
24.02.2017 - 23:46:51 - PixelVip Log: EnableVip | fybit | Vip | Expires on: 02/04/2017 23:46
24.02.2017 - 23:48:58 - PixelVip Log: EnableVip | fybit | Vip | Expires on: 02/05/2017 23:46
24.02.2017 - 23:50:20 - PixelVip Log: EnableVip | fybit | Vip | Expires on: 01/06/2017 23:46
24.02.2017 - 23:50:55 - PixelVip Log: EnableVip | fybit | Vip | Expires on: 01/07/2017 23:46
24.02.2017 - 23:51:37 - PixelVip Log: EnableVip | fybit | Vip | Expires on: 08/07/2017 23:46
24.02.2017 - 23:52:07 - PixelVip Log: EnableVip | fybit | Legend | Expires on: 03/03/2017 23:52
24.02.2017 - 23:52:43 - PixelVip Log: EnableVip | fybit | Legend | Expires on: 02/04/2017 23:52
24.02.2017 - 23:53:53 - PixelVip Log: EnableVip | fybit | TheKing | Expires on: 15/01/1970 06:47
24.02.2017 - 23:54:28 - PixelVip Log: EnableVip | fybit | TheKing | Expires on: 09/04/2017 23:41
24.02.2017 - 23:54:42 - PixelVip Log: EnableVip | fybit | TheKing | Expires on: 16/04/2017 23:41
24.02.2017 - 23:57:24 - PixelVip Log: EnableVip | fybit | TheKing | Expires on: 23/04/2017 23:41
24.02.2017 - 23:59:06 - PixelVip Log: EnableVip | fybit | Legend | Expires on: 09/03/1970 06:58
25.02.2017 - 00:02:48 - PixelVip Log: EnableVip | fybit | Legend | Expires on: 27/03/2017 00:02
25.02.2017 - 00:03:05 - PixelVip Log: EnableVip | fybit | Legend | Expires on: 26/04/2017 00:02
25.02.2017 - 00:04:07 - PixelVip Log: EnableVip | fybit | TheKing | Expires on: 04/03/2017 00:04
25.02.2017 - 00:04:32 - PixelVip Log: EnableVip | fybit | Vip | Expires on: 04/03/2017 00:04
25.02.2017 - 12:00:53 - PixelVip Log: EnableVip | fybit | Legend | Expires on: 01/04/1970 06:58
26.02.2017 - 21:05:26 - PixelVip Log: EnableVip | fybit | Legend | Expires on: 02/06/2017 11:59
12.03.2017 - 15:46:25 - PixelVip Log: EnableVip | fybit11 | Legend | Expires on: 11/04/2017 15:46
12.03.2017 - 15:50:54 - PixelVip Log: EnableVip | fybit11 | Vip | Expires on: 11/04/2017 15:50
14.03.2017 - 12:57:46 - PixelVip Log: EnableVip | fybit11 | Legend | Expires on: 02/03/1970 06:55
